============================================
  RASCAL II — Brotli Compression, Full 600s, 8xH100
  Seed: 444
  Loader mode: coprime | no trigram | no n-gram eval
  SKIP_GPTQ=1 | COMPRESSOR=brotli | Parallel Muon | XSA-all-11
  Bigram 2048 | RoPE 16
============================================
W0407 04:34:56.503000 8536 torch/distributed/run.py:803]
W0407 04:34:56.503000 8536 torch/distributed/run.py:803] *****************************************
W0407 04:34:56.503000 8536 torch/distributed/run.py:803] Setting OMP_NUM_THREADS environment variable for each process to be 1 in default, to avoid your system being overloaded, please further tune the variable for optimal performance in your application as needed.
W0407 04:34:56.503000 8536 torch/distributed/run.py:803] *****************************************
logs/0b50ff82-5296-4027-bc2e-a5b6f04a4a28.txt
val_bpb:enabled tokenizer_kind=sentencepiece tokenizer_path=./data/tokenizers/fineweb_1024_bpe.model
train_loader:dataset:fineweb10B_sp1024 train_shards:80
val_loader:shards pattern=./data/datasets/fineweb10B_sp1024/fineweb_val_*.bin tokens:62021632
model_params:26993756
mtp_num_heads:0 mtp_loss_weight:0.2 mtp_params:0
XSA:last_11 active_layers:[0, 1, 2, 3, 4, 5, 6, 7, 8, 9, 10]
world_size:8 grad_accum_steps:1
sdp_backends:cudnn=False flash=True mem_efficient=False math=False
attention_mode:gqa num_heads:8 num_kv_heads:4
tie_embeddings:True embed_lr:0.035 head_lr:0.0 matrix_lr:0.025 scalar_lr:0.025
train_batch_tokens:786432 train_seq_len:2048 iterations:20000 warmup_steps:20 max_wallclock_seconds:600.000
compile:enabled=1 mode:default fullgraph=1
mlp_kernel_mode:eager
scale_init:attn=1.0000 mlp=1.0000 resid_mix=(1.0000,0.0000) ln_scale=1
seed:444
loader:coprime shards:80 blocks:3906240 seq_len:2048 shards_per_batch:1 cache:4 batch_stride:47 hold_steps:64
warmup_step:1/20
warmup_step:2/20
warmup_step:3/20
warmup_step:4/20
warmup_step:5/20
warmup_step:6/20
warmup_step:7/20
warmup_step:8/20
warmup_step:9/20
warmup_step:10/20
warmup_step:11/20
warmup_step:12/20
warmup_step:13/20
warmup_step:14/20
warmup_step:15/20
warmup_step:16/20
warmup_step:17/20
warmup_step:18/20
warmup_step:19/20
warmup_step:20/20
loader_reset:loader:coprime shards:80 blocks:3906240 seq_len:2048 shards_per_batch:1 cache:4 batch_stride:47 hold_steps:64
step:0/20000 val_loss:6.9326 val_bpb:4.1058 train_time:0ms step_avg:0.01ms
step:1/20000 train_loss:6.9321 train_time:358ms step_avg:357.52ms
step:2/20000 train_loss:8.8444 train_time:390ms step_avg:195.16ms
step:3/20000 train_loss:8.0709 train_time:476ms step_avg:158.67ms
step:4/20000 train_loss:6.9968 train_time:562ms step_avg:140.55ms
step:5/20000 train_loss:7.0976 train_time:647ms step_avg:129.42ms
step:6/20000 train_loss:7.0490 train_time:734ms step_avg:122.31ms
step:7/20000 train_loss:6.8905 train_time:818ms step_avg:116.90ms
step:8/20000 train_loss:6.7261 train_time:903ms step_avg:112.91ms
step:9/20000 train_loss:6.5613 train_time:988ms step_avg:109.82ms
step:10/20000 train_loss:6.3647 train_time:1072ms step_avg:107.23ms
step:500/20000 train_loss:2.3559 train_time:44927ms step_avg:89.85ms
step:1000/20000 train_loss:2.2130 train_time:90204ms step_avg:90.20ms
step:1500/20000 train_loss:2.1877 train_time:135518ms step_avg:90.35ms
step:2000/20000 train_loss:2.0801 train_time:180874ms step_avg:90.44ms
step:2500/20000 train_loss:2.0728 train_time:226284ms step_avg:90.51ms
step:3000/20000 train_loss:2.1324 train_time:271343ms step_avg:90.45ms
step:3500/20000 train_loss:2.0150 train_time:316611ms step_avg:90.46ms
step:4000/20000 train_loss:1.9758 train_time:361862ms step_avg:90.47ms
step:4000/20000 val_loss:2.0245 val_bpb:1.1990 train_time:361914ms step_avg:90.48ms
step:4500/20000 train_loss:2.0237 train_time:407075ms step_avg:90.46ms
step:5000/20000 train_loss:2.0122 train_time:452229ms step_avg:90.45ms
step:5500/20000 train_loss:1.9775 train_time:497155ms step_avg:90.39ms
swa:start step:5950
step:6000/20000 train_loss:1.9754 train_time:542408ms step_avg:90.40ms
late_qat:enabled step:6109 scale:0.1498
step:6500/20000 train_loss:1.9329 train_time:588207ms step_avg:90.49ms
step:6629/20000 val_loss:1.9144 val_bpb:1.1338 train_time:600079ms step_avg:90.52ms
stopping_early: wallclock_cap train_time:600079ms step:6629/20000
peak memory allocated: 22860 MiB reserved: 23042 MiB
gptq:SKIPPED (SKIP_GPTQ=1) — will use naive int6
ema:applying EMA weights
DIAGNOSTIC post_ema val_loss:1.9129 val_bpb:1.1329 eval_time:2071ms
Serialized model: 106158518 bytes
Code size: 121512 bytes
gptq_quantize: 0 GPTQ layers, 5 naive layers
gptq_quantize: 0 GPTQ layers, 5 naive layers
gptq_quantize: 0 GPTQ layers, 5 naive layers
gptq_quantize: 0 GPTQ layers, 5 naive layers
gptq_quantize: 0 GPTQ layers, 5 naive layers
gptq_quantize: 0 GPTQ layers, 5 naive layers
gptq_quantize: 0 GPTQ layers, 5 naive layers
gptq_quantize: 0 GPTQ layers, 5 naive layers
Serialized model int6+brotli: 15297974 bytes
Total submission size int6+brotli: 15419486 bytes
final_int6_roundtrip val_loss:1.9298 val_bpb:1.1430 eval_time:6159ms
final_int6_roundtrip_exact val_loss:1.92983213 val_bpb:1.14295529
final_sliding_window val_loss:1.8732 val_bpb:1.1094 stride:64 eval_time:101276ms
final_sliding_window_exact val_loss:1.87320597 val_bpb:1.10942102
============================================
  DONE — Brotli vs baseline (zstd):
  SW BPB: 1.10942102 vs 1.10986874 (delta: -0.00045)
  Size:   15,419,486 vs 15,554,053 (saved: 134,567 bytes)
  Steps:  6629 vs 6593 (+36 steps)
============================================
