logs/53aceede-0d56-4bfc-837b-48f58b0a9f19.txt
val_bpb:enabled tokenizer_kind=sentencepiece tokenizer_path=./data/tokenizers/fineweb_1024_bpe.model
train_loader:dataset:fineweb10B_sp1024 train_shards:1
val_loader:shards pattern=./data/datasets/fineweb10B_sp1024/fineweb_val_*.bin tokens:62021632
model_params:2949652
f1_corr:rank=0 params=0 est_int6_bytes~0
mlp_act:relu_sq mlp_leaky_slope:0.5 crawler_mlp_leaky_slope:0.5 crawler_mlp_choke_dim:0 choke_shape:flat choke_groups:8 crawler_loop_smear:False crawler_tap_dim:0 crawler_tap_loop_specific:True crawler_tap_layers:all crawler_loop_rope_scales:(9, 1, 1)
XSA:last_0 world_size:1 grad_accum_steps:8
num_heads:4 num_kv_heads:2 embed_lr:0.035 matrix_lr:0.03
train_batch_tokens:131072 train_seq_len:512 iterations:200 warmup_steps:20 max_wallclock_seconds:0.000
ablate:skip_train=0 init_model_path:- gptq_cal_samples:256 gptq_cal_seq_len:512
compile:enabled=0 fullgraph=0 optimize_ddp=1
ddp:find_unused_parameters=1
seed:444
warmup_step:1/20
warmup_step:2/20
warmup_step:3/20
warmup_step:4/20
warmup_step:5/20
warmup_step:6/20
warmup_step:7/20
warmup_step:8/20
warmup_step:9/20
warmup_step:10/20
warmup_step:11/20
warmup_step:12/20
warmup_step:13/20
warmup_step:14/20
warmup_step:15/20
warmup_step:16/20
warmup_step:17/20
warmup_step:18/20
warmup_step:19/20
warmup_step:20/20
step:0/200 val_loss:6.9306 val_bpb:4.1047 train_time:0ms step_avg:0.01ms
step:1/200 train_loss:6.9318 train_time:532ms step_avg:531.76ms
step:2/200 train_loss:6.4831 train_time:1045ms step_avg:522.60ms
step:3/200 train_loss:6.5187 train_time:1564ms step_avg:521.18ms
step:4/200 train_loss:6.2732 train_time:2078ms step_avg:519.55ms
step:5/200 train_loss:6.1800 train_time:2592ms step_avg:518.34ms
step:6/200 train_loss:6.0408 train_time:3107ms step_avg:517.77ms
step:7/200 train_loss:5.9531 train_time:3623ms step_avg:517.55ms
step:8/200 train_loss:5.9807 train_time:4135ms step_avg:516.91ms
step:9/200 train_loss:5.8945 train_time:4657ms step_avg:517.46ms
step:10/200 train_loss:5.7493 train_time:5174ms step_avg:517.37ms
step:50/200 train_loss:4.0151 train_time:25744ms step_avg:514.89ms
step:100/200 train_loss:3.7531 train_time:51444ms step_avg:514.44ms
step:150/200 train_loss:3.4107 train_time:77143ms step_avg:514.28ms
swa:start step:200
step:200/200 train_loss:3.2639 train_time:102947ms step_avg:514.74ms
step:200/200 val_loss:3.2154 val_bpb:1.9044 train_time:102981ms step_avg:514.90ms
peak memory allocated: 1443 MiB reserved: 1590 MiB
gptq:SKIPPED (SKIP_GPTQ=1) — using naive int6
ema:SKIPPED (SKIP_EMA=1) — using live model weights
DIAGNOSTIC post_ema val_loss:3.2154 val_bpb:1.9044 eval_time:80359ms
Serialized model: 10939504 bytes
Code size: 126958 bytes
Serialized model int6+brotli: 2369575 bytes
Total submission size int6+brotli: 2496533 bytes
Total submission size int8+zlib: 2496533 bytes
final_int6_roundtrip val_loss:3.2450 val_bpb:1.9219 eval_time:80375ms
final_int6_roundtrip_exact val_loss:3.24502000 val_bpb:1.92188363
