logs/f3afd26f-020f-4c28-9303-790803734dbf.txt
val_bpb:enabled tokenizer_kind=sentencepiece tokenizer_path=./data/tokenizers/fineweb_1024_bpe.model
train_loader:dataset:fineweb10B_sp1024 train_shards:1
val_loader:shards pattern=./data/datasets/fineweb10B_sp1024/fineweb_val_*.bin tokens:62021632
model_params:2966292
f1_corr:rank=0 params=0 est_int6_bytes~0
mlp_act:relu_sq mlp_leaky_slope:0.5 crawler_mlp_leaky_slope:0.5 crawler_mlp_choke_dim:0 choke_shape:flat choke_groups:8 crawler_loop_smear:False crawler_tap_dim:0 crawler_tap_loop_specific:True crawler_tap_layers:all crawler_loop_rope_scales:(9, 1, 1)
helix:enabled dim=16 stride=1 crawler_fires=3x
XSA:last_0 world_size:1 grad_accum_steps:8
num_heads:4 num_kv_heads:2 embed_lr:0.035 matrix_lr:0.03
train_batch_tokens:131072 train_seq_len:512 iterations:200 warmup_steps:20 max_wallclock_seconds:0.000
ablate:skip_train=0 init_model_path:- gptq_cal_samples:256 gptq_cal_seq_len:512
compile:enabled=0 fullgraph=0 optimize_ddp=1
ddp:find_unused_parameters=1
seed:444
warmup_step:1/20
warmup_step:2/20
warmup_step:3/20
warmup_step:4/20
warmup_step:5/20
warmup_step:6/20
warmup_step:7/20
warmup_step:8/20
warmup_step:9/20
warmup_step:10/20
warmup_step:11/20
warmup_step:12/20
warmup_step:13/20
warmup_step:14/20
warmup_step:15/20
warmup_step:16/20
warmup_step:17/20
warmup_step:18/20
warmup_step:19/20
warmup_step:20/20
step:0/200 val_loss:6.9292 val_bpb:4.1039 train_time:0ms step_avg:0.01ms
step:1/200 train_loss:6.9306 train_time:646ms step_avg:645.70ms
step:2/200 train_loss:6.4945 train_time:1279ms step_avg:639.27ms
step:3/200 train_loss:6.5525 train_time:1910ms step_avg:636.63ms
step:4/200 train_loss:6.3888 train_time:2543ms step_avg:635.76ms
step:5/200 train_loss:6.3245 train_time:3176ms step_avg:635.16ms
step:6/200 train_loss:6.2082 train_time:3806ms step_avg:634.27ms
step:7/200 train_loss:6.0440 train_time:4434ms step_avg:633.36ms
step:8/200 train_loss:5.9942 train_time:5065ms step_avg:633.07ms
step:9/200 train_loss:5.9850 train_time:5696ms step_avg:632.89ms
step:10/200 train_loss:5.8995 train_time:6327ms step_avg:632.72ms
step:50/200 train_loss:4.0466 train_time:31590ms step_avg:631.79ms
step:100/200 train_loss:3.7760 train_time:63059ms step_avg:630.59ms
step:150/200 train_loss:3.4224 train_time:94638ms step_avg:630.92ms
swa:start step:200
step:200/200 train_loss:3.2993 train_time:126194ms step_avg:630.97ms
step:200/200 val_loss:3.2457 val_bpb:1.9223 train_time:126244ms step_avg:631.22ms
peak memory allocated: 1715 MiB reserved: 1950 MiB
gptq:SKIPPED (SKIP_GPTQ=1) — using naive int6
ema:SKIPPED (SKIP_EMA=1) — using live model weights
DIAGNOSTIC post_ema val_loss:3.2457 val_bpb:1.9223 eval_time:98663ms
Serialized model: 10974837 bytes
Code size: 126958 bytes
Serialized model int6+brotli: 2384126 bytes
Total submission size int6+brotli: 2511084 bytes
Total submission size int8+zlib: 2511084 bytes
final_int6_roundtrip val_loss:3.2730 val_bpb:1.9384 eval_time:98702ms
final_int6_roundtrip_exact val_loss:3.27297256 val_bpb:1.93843871
