logs/2056ce94-0288-42aa-a9f3-1b2e50115925.txt
val_bpb:enabled tokenizer_kind=sentencepiece tokenizer_path=./data/tokenizers/fineweb_1024_bpe.model
train_loader:dataset:fineweb10B_sp1024 train_shards:1
val_loader:shards pattern=./data/datasets/fineweb10B_sp1024/fineweb_val_*.bin tokens:62021632
model_params:2954004
f1_corr:rank=0 params=0 est_int6_bytes~0
mlp_act:relu_sq mlp_leaky_slope:0.5 crawler_mlp_leaky_slope:0.5 crawler_mlp_choke_dim:0 choke_shape:flat choke_groups:8 crawler_loop_smear:False crawler_tap_dim:0 crawler_tap_loop_specific:True crawler_tap_layers:all crawler_loop_rope_scales:(9, 1, 1)
helix:enabled dim=16 stride=1 crawler_fires=3x
XSA:last_0 world_size:1 grad_accum_steps:8
num_heads:4 num_kv_heads:2 embed_lr:0.035 matrix_lr:0.03
train_batch_tokens:131072 train_seq_len:512 iterations:200 warmup_steps:20 max_wallclock_seconds:0.000
ablate:skip_train=0 init_model_path:- gptq_cal_samples:256 gptq_cal_seq_len:512
compile:enabled=0 fullgraph=0 optimize_ddp=1
ddp:find_unused_parameters=1
seed:444
warmup_step:1/20
warmup_step:2/20
warmup_step:3/20
warmup_step:4/20
warmup_step:5/20
warmup_step:6/20
warmup_step:7/20
warmup_step:8/20
warmup_step:9/20
warmup_step:10/20
warmup_step:11/20
warmup_step:12/20
warmup_step:13/20
warmup_step:14/20
warmup_step:15/20
warmup_step:16/20
warmup_step:17/20
warmup_step:18/20
warmup_step:19/20
warmup_step:20/20
step:0/200 val_loss:6.9290 val_bpb:4.1038 train_time:0ms step_avg:0.01ms
step:1/200 train_loss:6.9301 train_time:642ms step_avg:642.23ms
step:2/200 train_loss:6.5298 train_time:1268ms step_avg:633.98ms
step:3/200 train_loss:6.5186 train_time:1897ms step_avg:632.40ms
step:4/200 train_loss:6.3284 train_time:2522ms step_avg:630.42ms
step:5/200 train_loss:6.2252 train_time:3149ms step_avg:629.88ms
step:6/200 train_loss:6.1004 train_time:3776ms step_avg:629.26ms
step:7/200 train_loss:6.0303 train_time:4406ms step_avg:629.46ms
step:8/200 train_loss:5.9932 train_time:5033ms step_avg:629.15ms
step:9/200 train_loss:5.9188 train_time:5661ms step_avg:629.00ms
step:10/200 train_loss:5.8364 train_time:6291ms step_avg:629.10ms
step:50/200 train_loss:4.0312 train_time:31487ms step_avg:629.74ms
step:100/200 train_loss:3.7697 train_time:62966ms step_avg:629.66ms
step:150/200 train_loss:3.4263 train_time:94395ms step_avg:629.30ms
swa:start step:200
step:200/200 train_loss:3.2781 train_time:125786ms step_avg:628.93ms
step:200/200 val_loss:3.2324 val_bpb:1.9144 train_time:125828ms step_avg:629.14ms
peak memory allocated: 1715 MiB reserved: 1950 MiB
gptq:SKIPPED (SKIP_GPTQ=1) — using naive int6
ema:SKIPPED (SKIP_EMA=1) — using live model weights
DIAGNOSTIC post_ema val_loss:3.2324 val_bpb:1.9144 eval_time:98988ms
Serialized model: 10949298 bytes
Code size: 126958 bytes
Serialized model int6+brotli: 2382643 bytes
Total submission size int6+brotli: 2509601 bytes
Total submission size int8+zlib: 2509601 bytes
final_int6_roundtrip val_loss:3.2596 val_bpb:1.9305 eval_time:99222ms
final_int6_roundtrip_exact val_loss:3.25959049 val_bpb:1.93051309
