logs/51041403-b801-4112-8262-f37d974619e3.txt
val_bpb:enabled tokenizer_kind=sentencepiece tokenizer_path=./data/tokenizers/fineweb_1024_bpe.model
train_loader:dataset:fineweb10B_sp1024 train_shards:1
val_loader:shards pattern=./data/datasets/fineweb10B_sp1024/fineweb_val_*.bin tokens:62021632
model_params:4148252
f1_corr:rank=0 params=0 est_int6_bytes~0
mlp_act:relu_sq mlp_leaky_slope:0.5 crawler_mlp_leaky_slope:0.5 crawler_mlp_choke_dim:0 choke_shape:flat choke_groups:8 crawler_loop_smear:False crawler_tap_dim:0 crawler_tap_loop_specific:True crawler_tap_layers:all crawler_loop_rope_scales:(9, 1, 1)
helix:enabled dim=16 stride=1 crawler_fires=5x
XSA:last_0 world_size:1 grad_accum_steps:8
num_heads:4 num_kv_heads:2 embed_lr:0.035 matrix_lr:0.03
train_batch_tokens:131072 train_seq_len:512 iterations:200 warmup_steps:20 max_wallclock_seconds:0.000
ablate:skip_train=0 init_model_path:- gptq_cal_samples:256 gptq_cal_seq_len:512
compile:enabled=0 fullgraph=0 optimize_ddp=1
ddp:find_unused_parameters=1
seed:444
warmup_step:1/20
warmup_step:2/20
warmup_step:3/20
warmup_step:4/20
warmup_step:5/20
warmup_step:6/20
warmup_step:7/20
warmup_step:8/20
warmup_step:9/20
warmup_step:10/20
warmup_step:11/20
warmup_step:12/20
warmup_step:13/20
warmup_step:14/20
warmup_step:15/20
warmup_step:16/20
warmup_step:17/20
warmup_step:18/20
warmup_step:19/20
warmup_step:20/20
step:0/200 val_loss:6.9293 val_bpb:4.1039 train_time:0ms step_avg:0.01ms
step:1/200 train_loss:6.9301 train_time:1035ms step_avg:1035.50ms
step:2/200 train_loss:6.4705 train_time:2058ms step_avg:1029.10ms
step:3/200 train_loss:6.5209 train_time:3071ms step_avg:1023.59ms
step:4/200 train_loss:6.3120 train_time:4088ms step_avg:1022.00ms
step:5/200 train_loss:6.2750 train_time:5109ms step_avg:1021.75ms
step:6/200 train_loss:6.1464 train_time:6127ms step_avg:1021.24ms
step:7/200 train_loss:5.9685 train_time:7146ms step_avg:1020.87ms
step:8/200 train_loss:5.9657 train_time:8168ms step_avg:1020.98ms
step:9/200 train_loss:5.9312 train_time:9176ms step_avg:1019.50ms
step:10/200 train_loss:5.7970 train_time:10185ms step_avg:1018.51ms
step:50/200 train_loss:4.0066 train_time:50692ms step_avg:1013.84ms
step:100/200 train_loss:3.7576 train_time:101382ms step_avg:1013.82ms
step:150/200 train_loss:3.4086 train_time:152051ms step_avg:1013.68ms
swa:start step:200
step:200/200 train_loss:3.2777 train_time:202769ms step_avg:1013.84ms
step:200/200 val_loss:3.2254 val_bpb:1.9102 train_time:202782ms step_avg:1013.91ms
peak memory allocated: 2662 MiB reserved: 2886 MiB
gptq:SKIPPED (SKIP_GPTQ=1) — using naive int6
ema:SKIPPED (SKIP_EMA=1) — using live model weights
DIAGNOSTIC post_ema val_loss:3.2254 val_bpb:1.9102 eval_time:157075ms
Serialized model: 15709065 bytes
Code size: 129863 bytes
Serialized model int6+brotli: 3388295 bytes
Total submission size int6+brotli: 3518158 bytes
Total submission size int8+zlib: 3518158 bytes
final_int6_roundtrip val_loss:3.2507 val_bpb:1.9253 eval_time:157218ms
final_int6_roundtrip_exact val_loss:3.25074871 val_bpb:1.92527649
