logs/2f861e86-6708-4511-af3f-1f001a112032.txt
val_bpb:enabled tokenizer_kind=sentencepiece tokenizer_path=./data/tokenizers/fineweb_1024_bpe.model
train_loader:dataset:fineweb10B_sp1024 train_shards:1
val_loader:shards pattern=./data/datasets/fineweb10B_sp1024/fineweb_val_*.bin tokens:62021632
model_params:5330212
f1_corr:rank=0 params=0 est_int6_bytes~0
mlp_act:relu_sq mlp_leaky_slope:0.5 crawler_mlp_leaky_slope:0.5 crawler_mlp_choke_dim:0 choke_shape:flat choke_groups:8 crawler_loop_smear:False crawler_tap_dim:0 crawler_tap_loop_specific:True crawler_tap_layers:all crawler_loop_rope_scales:(9, 1, 1)
helix:enabled dim=16 stride=1 crawler_fires=7x
XSA:last_0 world_size:1 grad_accum_steps:8
num_heads:4 num_kv_heads:2 embed_lr:0.035 matrix_lr:0.03
train_batch_tokens:131072 train_seq_len:512 iterations:200 warmup_steps:20 max_wallclock_seconds:0.000
ablate:skip_train=0 init_model_path:- gptq_cal_samples:256 gptq_cal_seq_len:512
compile:enabled=0 fullgraph=0 optimize_ddp=1
ddp:find_unused_parameters=1
seed:444
warmup_step:1/20
warmup_step:2/20
warmup_step:3/20
warmup_step:4/20
warmup_step:5/20
warmup_step:6/20
warmup_step:7/20
warmup_step:8/20
warmup_step:9/20
warmup_step:10/20
warmup_step:11/20
warmup_step:12/20
warmup_step:13/20
warmup_step:14/20
warmup_step:15/20
warmup_step:16/20
warmup_step:17/20
warmup_step:18/20
warmup_step:19/20
warmup_step:20/20
step:0/200 val_loss:6.9286 val_bpb:4.1035 train_time:0ms step_avg:0.01ms
step:1/200 train_loss:6.9298 train_time:1416ms step_avg:1415.72ms
step:2/200 train_loss:6.4647 train_time:2808ms step_avg:1404.22ms
step:3/200 train_loss:6.4664 train_time:4201ms step_avg:1400.28ms
step:4/200 train_loss:6.3156 train_time:5590ms step_avg:1397.61ms
step:5/200 train_loss:6.2263 train_time:6985ms step_avg:1396.91ms
step:6/200 train_loss:6.0712 train_time:8368ms step_avg:1394.64ms
step:7/200 train_loss:5.9683 train_time:9764ms step_avg:1394.87ms
step:8/200 train_loss:5.9575 train_time:11150ms step_avg:1393.79ms
step:9/200 train_loss:5.8703 train_time:12536ms step_avg:1392.94ms
step:10/200 train_loss:5.7421 train_time:13918ms step_avg:1391.83ms
step:50/200 train_loss:3.9875 train_time:70473ms step_avg:1409.45ms
step:100/200 train_loss:3.7434 train_time:140917ms step_avg:1409.17ms
step:150/200 train_loss:3.3864 train_time:211020ms step_avg:1406.80ms
swa:start step:200
step:200/200 train_loss:3.2491 train_time:281441ms step_avg:1407.20ms
step:200/200 val_loss:3.2034 val_bpb:1.8972 train_time:281496ms step_avg:1407.48ms
peak memory allocated: 3601 MiB reserved: 3866 MiB
gptq:SKIPPED (SKIP_GPTQ=1) — using naive int6
ema:SKIPPED (SKIP_EMA=1) — using live model weights
DIAGNOSTIC post_ema val_loss:3.2034 val_bpb:1.8972 eval_time:213352ms
Serialized model: 20443293 bytes
Code size: 129863 bytes
Serialized model int6+brotli: 4373416 bytes
Total submission size int6+brotli: 4503279 bytes
Total submission size int8+zlib: 4503279 bytes
final_int6_roundtrip val_loss:3.2304 val_bpb:1.9132 eval_time:213491ms
final_int6_roundtrip_exact val_loss:3.23036936 val_bpb:1.91320670
