logs/b320a000-d360-493b-bc04-f7fe28b4c7b8.txt
val_bpb:enabled tokenizer_kind=sentencepiece tokenizer_path=./data/tokenizers/fineweb_1024_bpe.model
train_loader:dataset:fineweb10B_sp1024 train_shards:1
val_loader:shards pattern=./data/datasets/fineweb10B_sp1024/fineweb_val_*.bin tokens:62021632
model_params:4135964
f1_corr:rank=0 params=0 est_int6_bytes~0
mlp_act:relu_sq mlp_leaky_slope:0.5 crawler_mlp_leaky_slope:0.5 crawler_mlp_choke_dim:0 choke_shape:flat choke_groups:8 crawler_loop_smear:False crawler_tap_dim:0 crawler_tap_loop_specific:True crawler_tap_layers:all crawler_loop_rope_scales:(9, 1, 1)
helix:enabled dim=16 stride=2 crawler_fires=2x
XSA:last_0 world_size:1 grad_accum_steps:8
num_heads:4 num_kv_heads:2 embed_lr:0.035 matrix_lr:0.03
train_batch_tokens:131072 train_seq_len:512 iterations:200 warmup_steps:20 max_wallclock_seconds:0.000
ablate:skip_train=0 init_model_path:- gptq_cal_samples:256 gptq_cal_seq_len:512
compile:enabled=0 fullgraph=0 optimize_ddp=1
ddp:find_unused_parameters=1
seed:444
warmup_step:1/20
warmup_step:2/20
warmup_step:3/20
warmup_step:4/20
warmup_step:5/20
warmup_step:6/20
warmup_step:7/20
warmup_step:8/20
warmup_step:9/20
warmup_step:10/20
warmup_step:11/20
warmup_step:12/20
warmup_step:13/20
warmup_step:14/20
warmup_step:15/20
warmup_step:16/20
warmup_step:17/20
warmup_step:18/20
warmup_step:19/20
warmup_step:20/20
step:0/200 val_loss:6.9284 val_bpb:4.1034 train_time:0ms step_avg:0.01ms
step:1/200 train_loss:6.9300 train_time:696ms step_avg:696.26ms
step:2/200 train_loss:6.4861 train_time:1377ms step_avg:688.30ms
step:3/200 train_loss:6.4978 train_time:2062ms step_avg:687.37ms
step:4/200 train_loss:6.3126 train_time:2747ms step_avg:686.74ms
step:5/200 train_loss:6.1988 train_time:3432ms step_avg:686.32ms
step:6/200 train_loss:6.1249 train_time:4115ms step_avg:685.78ms
step:7/200 train_loss:6.0306 train_time:4793ms step_avg:684.78ms
step:8/200 train_loss:6.0036 train_time:5473ms step_avg:684.07ms
step:9/200 train_loss:5.9696 train_time:6150ms step_avg:683.38ms
step:10/200 train_loss:5.8280 train_time:6830ms step_avg:682.96ms
step:50/200 train_loss:4.0182 train_time:34032ms step_avg:680.64ms
step:100/200 train_loss:3.7491 train_time:68113ms step_avg:681.13ms
step:150/200 train_loss:3.3927 train_time:102167ms step_avg:681.11ms
swa:start step:200
step:200/200 train_loss:3.2649 train_time:136263ms step_avg:681.31ms
step:200/200 val_loss:3.2176 val_bpb:1.9056 train_time:136279ms step_avg:681.39ms
peak memory allocated: 1898 MiB reserved: 2128 MiB
gptq:SKIPPED (SKIP_GPTQ=1) — using naive int6
ema:SKIPPED (SKIP_EMA=1) — using live model weights
DIAGNOSTIC post_ema val_loss:3.2176 val_bpb:1.9056 eval_time:103798ms
Serialized model: 15683526 bytes
Code size: 129863 bytes
Serialized model int6+brotli: 3368577 bytes
Total submission size int6+brotli: 3498440 bytes
Total submission size int8+zlib: 3498440 bytes
final_int6_roundtrip val_loss:3.2436 val_bpb:1.9210 eval_time:103976ms
final_int6_roundtrip_exact val_loss:3.24356315 val_bpb:1.92102080
