logs/8c761aa9-867e-4647-a778-64c90623fe81.txt
val_bpb:enabled tokenizer_kind=sentencepiece tokenizer_path=./data/tokenizers/fineweb_1024_bpe.model
train_loader:dataset:fineweb10B_sp1024 train_shards:1
val_loader:shards pattern=./data/datasets/fineweb10B_sp1024/fineweb_val_*.bin tokens:62021632
model_params:4135964
f1_corr:rank=0 params=0 est_int6_bytes~0
mlp_act:relu_sq mlp_leaky_slope:0.5 crawler_mlp_leaky_slope:0.5 crawler_mlp_choke_dim:0 choke_shape:flat choke_groups:8 crawler_loop_smear:False crawler_tap_dim:0 crawler_tap_loop_specific:True crawler_tap_layers:all crawler_loop_rope_scales:(9, 1, 1)
helix:enabled dim=16 stride=5 crawler_fires=1x
XSA:last_0 world_size:1 grad_accum_steps:8
num_heads:4 num_kv_heads:2 embed_lr:0.035 matrix_lr:0.03
train_batch_tokens:131072 train_seq_len:512 iterations:200 warmup_steps:20 max_wallclock_seconds:0.000
ablate:skip_train=0 init_model_path:- gptq_cal_samples:256 gptq_cal_seq_len:512
compile:enabled=0 fullgraph=0 optimize_ddp=1
ddp:find_unused_parameters=1
seed:444
warmup_step:1/20
warmup_step:2/20
warmup_step:3/20
warmup_step:4/20
warmup_step:5/20
warmup_step:6/20
warmup_step:7/20
warmup_step:8/20
warmup_step:9/20
warmup_step:10/20
warmup_step:11/20
warmup_step:12/20
warmup_step:13/20
warmup_step:14/20
warmup_step:15/20
warmup_step:16/20
warmup_step:17/20
warmup_step:18/20
warmup_step:19/20
warmup_step:20/20
step:0/200 val_loss:6.9284 val_bpb:4.1034 train_time:0ms step_avg:0.01ms
step:1/200 train_loss:6.9300 train_time:607ms step_avg:606.73ms
step:2/200 train_loss:6.4900 train_time:1196ms step_avg:598.23ms
step:3/200 train_loss:6.5016 train_time:1784ms step_avg:594.63ms
step:4/200 train_loss:6.3161 train_time:2372ms step_avg:593.03ms
step:5/200 train_loss:6.2034 train_time:2956ms step_avg:591.29ms
step:6/200 train_loss:6.1269 train_time:3544ms step_avg:590.60ms
step:7/200 train_loss:6.0319 train_time:4130ms step_avg:589.94ms
step:8/200 train_loss:6.0078 train_time:4712ms step_avg:589.05ms
step:9/200 train_loss:5.9795 train_time:5301ms step_avg:589.03ms
step:10/200 train_loss:5.8384 train_time:5887ms step_avg:588.67ms
step:50/200 train_loss:4.0135 train_time:29327ms step_avg:586.54ms
step:100/200 train_loss:3.7653 train_time:58622ms step_avg:586.22ms
step:150/200 train_loss:3.3888 train_time:87880ms step_avg:585.86ms
swa:start step:200
step:200/200 train_loss:3.2535 train_time:117215ms step_avg:586.08ms
step:200/200 val_loss:3.2036 val_bpb:1.8973 train_time:117228ms step_avg:586.14ms
peak memory allocated: 1652 MiB reserved: 1890 MiB
gptq:SKIPPED (SKIP_GPTQ=1) — using naive int6
ema:SKIPPED (SKIP_EMA=1) — using live model weights
DIAGNOSTIC post_ema val_loss:3.2036 val_bpb:1.8973 eval_time:90483ms
Serialized model: 15683526 bytes
Code size: 129863 bytes
Serialized model int6+brotli: 3381523 bytes
Total submission size int6+brotli: 3511386 bytes
Total submission size int8+zlib: 3511386 bytes
final_int6_roundtrip val_loss:3.2272 val_bpb:1.9113 eval_time:90465ms
final_int6_roundtrip_exact val_loss:3.22716303 val_bpb:1.91130773
