logs/9d591c7c-91d0-435f-973b-46b9fb053831.txt
val_bpb:enabled tokenizer_kind=sentencepiece tokenizer_path=./data/tokenizers/fineweb_1024_bpe.model
train_loader:dataset:fineweb10B_sp1024 train_shards:1
val_loader:shards pattern=./data/datasets/fineweb10B_sp1024/fineweb_val_*.bin tokens:62021632
model_params:4127772
f1_corr:rank=0 params=0 est_int6_bytes~0
mlp_act:relu_sq mlp_leaky_slope:0.5 crawler_mlp_leaky_slope:0.5 crawler_mlp_choke_dim:0 choke_shape:flat choke_groups:8 crawler_loop_smear:False crawler_tap_dim:0 crawler_tap_loop_specific:True crawler_tap_layers:all crawler_loop_rope_scales:(9, 1, 1)
helix:enabled dim=8 stride=1 crawler_fires=5x
XSA:last_0 world_size:1 grad_accum_steps:8
num_heads:4 num_kv_heads:2 embed_lr:0.035 matrix_lr:0.03
train_batch_tokens:131072 train_seq_len:512 iterations:200 warmup_steps:20 max_wallclock_seconds:0.000
ablate:skip_train=0 init_model_path:- gptq_cal_samples:256 gptq_cal_seq_len:512
compile:enabled=0 fullgraph=0 optimize_ddp=1
ddp:find_unused_parameters=1
seed:444
warmup_step:1/20
warmup_step:2/20
warmup_step:3/20
warmup_step:4/20
warmup_step:5/20
warmup_step:6/20
warmup_step:7/20
warmup_step:8/20
warmup_step:9/20
warmup_step:10/20
warmup_step:11/20
warmup_step:12/20
warmup_step:13/20
warmup_step:14/20
warmup_step:15/20
warmup_step:16/20
warmup_step:17/20
warmup_step:18/20
warmup_step:19/20
warmup_step:20/20
step:0/200 val_loss:6.9293 val_bpb:4.1039 train_time:0ms step_avg:0.01ms
step:1/200 train_loss:6.9307 train_time:1001ms step_avg:1000.70ms
step:2/200 train_loss:6.5073 train_time:1982ms step_avg:991.10ms
step:3/200 train_loss:6.4491 train_time:2965ms step_avg:988.32ms
step:4/200 train_loss:6.2335 train_time:3958ms step_avg:989.58ms
step:5/200 train_loss:6.1716 train_time:4950ms step_avg:989.94ms
step:6/200 train_loss:6.0692 train_time:5936ms step_avg:989.26ms
step:7/200 train_loss:5.9624 train_time:6919ms step_avg:988.50ms
step:8/200 train_loss:5.9404 train_time:7896ms step_avg:987.05ms
step:9/200 train_loss:5.8478 train_time:8881ms step_avg:986.79ms
step:10/200 train_loss:5.7632 train_time:9866ms step_avg:986.56ms
step:50/200 train_loss:4.0022 train_time:49306ms step_avg:986.11ms
step:100/200 train_loss:3.7479 train_time:98509ms step_avg:985.09ms
step:150/200 train_loss:3.4088 train_time:147792ms step_avg:985.28ms
swa:start step:200
step:200/200 train_loss:3.2707 train_time:197120ms step_avg:985.60ms
step:200/200 val_loss:3.2254 val_bpb:1.9103 train_time:197141ms step_avg:985.70ms
peak memory allocated: 2660 MiB reserved: 2884 MiB
gptq:SKIPPED (SKIP_GPTQ=1) — using naive int6
ema:SKIPPED (SKIP_EMA=1) — using live model weights
DIAGNOSTIC post_ema val_loss:3.2254 val_bpb:1.9103 eval_time:153441ms
Serialized model: 15667142 bytes
Code size: 129863 bytes
Serialized model int6+brotli: 3363308 bytes
Total submission size int6+brotli: 3493171 bytes
Total submission size int8+zlib: 3493171 bytes
final_int6_roundtrip val_loss:3.2516 val_bpb:1.9258 eval_time:152814ms
final_int6_roundtrip_exact val_loss:3.25157669 val_bpb:1.92576687
