logs/5fa7efc1-4d0a-411b-b080-6037d5d97e56.txt
val_bpb:enabled tokenizer_kind=sentencepiece tokenizer_path=./data/tokenizers/fineweb_1024_bpe.model
train_loader:dataset:fineweb10B_sp1024 train_shards:1
val_loader:shards pattern=./data/datasets/fineweb10B_sp1024/fineweb_val_*.bin tokens:62021632
model_params:4185116
f1_corr:rank=0 params=0 est_int6_bytes~0
mlp_act:relu_sq mlp_leaky_slope:0.5 crawler_mlp_leaky_slope:0.5 crawler_mlp_choke_dim:0 choke_shape:flat choke_groups:8 crawler_loop_smear:False crawler_tap_dim:0 crawler_tap_loop_specific:True crawler_tap_layers:all crawler_loop_rope_scales:(9, 1, 1)
helix:enabled dim=64 stride=1 crawler_fires=5x
XSA:last_0 world_size:1 grad_accum_steps:8
num_heads:4 num_kv_heads:2 embed_lr:0.035 matrix_lr:0.03
train_batch_tokens:131072 train_seq_len:512 iterations:200 warmup_steps:20 max_wallclock_seconds:0.000
ablate:skip_train=0 init_model_path:- gptq_cal_samples:256 gptq_cal_seq_len:512
compile:enabled=0 fullgraph=0 optimize_ddp=1
ddp:find_unused_parameters=1
seed:444
warmup_step:1/20
warmup_step:2/20
warmup_step:3/20
warmup_step:4/20
warmup_step:5/20
warmup_step:6/20
warmup_step:7/20
warmup_step:8/20
warmup_step:9/20
warmup_step:10/20
warmup_step:11/20
warmup_step:12/20
warmup_step:13/20
warmup_step:14/20
warmup_step:15/20
warmup_step:16/20
warmup_step:17/20
warmup_step:18/20
warmup_step:19/20
warmup_step:20/20
step:0/200 val_loss:6.9317 val_bpb:4.1053 train_time:0ms step_avg:0.01ms
step:1/200 train_loss:6.9324 train_time:1001ms step_avg:1000.98ms
step:2/200 train_loss:6.5867 train_time:1985ms step_avg:992.58ms
step:3/200 train_loss:6.3614 train_time:2964ms step_avg:988.07ms
step:4/200 train_loss:6.3284 train_time:3950ms step_avg:987.42ms
step:5/200 train_loss:6.1252 train_time:4938ms step_avg:987.64ms
step:6/200 train_loss:5.8483 train_time:5929ms step_avg:988.14ms
step:7/200 train_loss:5.7278 train_time:6912ms step_avg:987.36ms
step:8/200 train_loss:5.5567 train_time:7898ms step_avg:987.20ms
step:9/200 train_loss:5.4810 train_time:8881ms step_avg:986.75ms
step:10/200 train_loss:5.2671 train_time:9865ms step_avg:986.53ms
step:50/200 train_loss:3.9763 train_time:49203ms step_avg:984.06ms
step:100/200 train_loss:3.7308 train_time:98381ms step_avg:983.81ms
step:150/200 train_loss:3.3365 train_time:147607ms step_avg:984.05ms
swa:start step:200
step:200/200 train_loss:3.1831 train_time:196859ms step_avg:984.30ms
step:200/200 val_loss:3.1433 val_bpb:1.8616 train_time:196880ms step_avg:984.40ms
peak memory allocated: 2677 MiB reserved: 2882 MiB
gptq:SKIPPED (SKIP_GPTQ=1) — using naive int6
ema:SKIPPED (SKIP_EMA=1) — using live model weights
DIAGNOSTIC post_ema val_loss:3.1433 val_bpb:1.8616 eval_time:151492ms
Serialized model: 15781830 bytes
Code size: 129863 bytes
Serialized model int6+brotli: 3458881 bytes
Total submission size int6+brotli: 3588744 bytes
Total submission size int8+zlib: 3588744 bytes
final_int6_roundtrip val_loss:3.1683 val_bpb:1.8765 eval_time:151435ms
final_int6_roundtrip_exact val_loss:3.16833164 val_bpb:1.87646446
