logs/84569f2c-100b-4fe5-9a46-78b8d089a9c8.txt
val_bpb:enabled tokenizer_kind=sentencepiece tokenizer_path=./data/tokenizers/fineweb_1024_bpe.model
train_loader:dataset:fineweb10B_sp1024 train_shards:1
val_loader:shards pattern=./data/datasets/fineweb10B_sp1024/fineweb_val_*.bin tokens:62021632
model_params:4160540
f1_corr:rank=0 params=0 est_int6_bytes~0
mlp_act:relu_sq mlp_leaky_slope:0.5 crawler_mlp_leaky_slope:0.5 crawler_mlp_choke_dim:0 choke_shape:flat choke_groups:8 crawler_loop_smear:False crawler_tap_dim:0 crawler_tap_loop_specific:True crawler_tap_layers:all crawler_loop_rope_scales:(9, 1, 1)
helix:enabled dim=16 stride=1 crawler_fires=5x
XSA:last_0 world_size:1 grad_accum_steps:8
num_heads:4 num_kv_heads:2 embed_lr:0.035 matrix_lr:0.03
train_batch_tokens:131072 train_seq_len:512 iterations:200 warmup_steps:20 max_wallclock_seconds:0.000
ablate:skip_train=0 init_model_path:- gptq_cal_samples:256 gptq_cal_seq_len:512
compile:enabled=0 fullgraph=0 optimize_ddp=1
ddp:find_unused_parameters=1
seed:444
warmup_step:1/20
warmup_step:2/20
warmup_step:3/20
warmup_step:4/20
warmup_step:5/20
warmup_step:6/20
warmup_step:7/20
warmup_step:8/20
warmup_step:9/20
warmup_step:10/20
warmup_step:11/20
warmup_step:12/20
warmup_step:13/20
warmup_step:14/20
warmup_step:15/20
warmup_step:16/20
warmup_step:17/20
warmup_step:18/20
warmup_step:19/20
warmup_step:20/20
step:0/200 val_loss:6.9289 val_bpb:4.1037 train_time:0ms step_avg:0.01ms
step:1/200 train_loss:6.9300 train_time:1002ms step_avg:1001.97ms
step:2/200 train_loss:6.4918 train_time:1981ms step_avg:990.65ms
step:3/200 train_loss:6.4913 train_time:2959ms step_avg:986.46ms
step:4/200 train_loss:6.3271 train_time:3931ms step_avg:982.78ms
step:5/200 train_loss:6.2554 train_time:4912ms step_avg:982.50ms
step:6/200 train_loss:6.0968 train_time:5901ms step_avg:983.44ms
step:7/200 train_loss:5.9972 train_time:6878ms step_avg:982.57ms
step:8/200 train_loss:5.9565 train_time:7851ms step_avg:981.37ms
step:9/200 train_loss:5.9046 train_time:8833ms step_avg:981.44ms
step:10/200 train_loss:5.7909 train_time:9812ms step_avg:981.19ms
step:50/200 train_loss:3.9916 train_time:49048ms step_avg:980.95ms
step:100/200 train_loss:3.7692 train_time:98139ms step_avg:981.39ms
step:150/200 train_loss:3.3959 train_time:147231ms step_avg:981.54ms
swa:start step:200
step:200/200 train_loss:3.2614 train_time:196331ms step_avg:981.66ms
step:200/200 val_loss:3.2183 val_bpb:1.9061 train_time:196361ms step_avg:981.80ms
peak memory allocated: 2662 MiB reserved: 2886 MiB
gptq:SKIPPED (SKIP_GPTQ=1) — using naive int6
ema:SKIPPED (SKIP_EMA=1) — using live model weights
DIAGNOSTIC post_ema val_loss:3.2183 val_bpb:1.9061 eval_time:151021ms
Serialized model: 15733641 bytes
Code size: 129863 bytes
Serialized model int6+brotli: 3380375 bytes
Total submission size int6+brotli: 3510238 bytes
Total submission size int8+zlib: 3510238 bytes
final_int6_roundtrip val_loss:3.2452 val_bpb:1.9220 eval_time:151120ms
final_int6_roundtrip_exact val_loss:3.24515645 val_bpb:1.92196444
