logs/ea4c6b85-ec4e-456e-9a1b-d955a3903e46.txt
val_bpb:enabled tokenizer_kind=sentencepiece tokenizer_path=./data/tokenizers/fineweb_1024_bpe.model
train_loader:dataset:fineweb10B_sp1024 train_shards:1
val_loader:shards pattern=./data/datasets/fineweb10B_sp1024/fineweb_val_*.bin tokens:62021632
model_params:4164636
f1_corr:rank=0 params=0 est_int6_bytes~0
mlp_act:relu_sq mlp_leaky_slope:0.5 crawler_mlp_leaky_slope:0.5 crawler_mlp_choke_dim:0 choke_shape:flat choke_groups:8 crawler_loop_smear:False crawler_tap_dim:0 crawler_tap_loop_specific:True crawler_tap_layers:all crawler_loop_rope_scales:(9, 1, 1)
helix:enabled dim=16 stride=1 crawler_fires=5x
XSA:last_0 world_size:1 grad_accum_steps:8
num_heads:4 num_kv_heads:2 embed_lr:0.035 matrix_lr:0.03
train_batch_tokens:131072 train_seq_len:512 iterations:200 warmup_steps:20 max_wallclock_seconds:0.000
ablate:skip_train=0 init_model_path:- gptq_cal_samples:256 gptq_cal_seq_len:512
compile:enabled=0 fullgraph=0 optimize_ddp=1
ddp:find_unused_parameters=1
seed:444
warmup_step:1/20
warmup_step:2/20
warmup_step:3/20
warmup_step:4/20
warmup_step:5/20
warmup_step:6/20
warmup_step:7/20
warmup_step:8/20
warmup_step:9/20
warmup_step:10/20
warmup_step:11/20
warmup_step:12/20
warmup_step:13/20
warmup_step:14/20
warmup_step:15/20
warmup_step:16/20
warmup_step:17/20
warmup_step:18/20
warmup_step:19/20
warmup_step:20/20
step:0/200 val_loss:6.9289 val_bpb:4.1037 train_time:0ms step_avg:0.01ms
step:1/200 train_loss:6.9300 train_time:1008ms step_avg:1007.65ms
step:2/200 train_loss:6.4918 train_time:1996ms step_avg:998.06ms
step:3/200 train_loss:6.4914 train_time:2974ms step_avg:991.48ms
step:4/200 train_loss:6.3271 train_time:3957ms step_avg:989.27ms
step:5/200 train_loss:6.2555 train_time:4947ms step_avg:989.32ms
step:6/200 train_loss:6.0967 train_time:5923ms step_avg:987.15ms
step:7/200 train_loss:5.9964 train_time:6907ms step_avg:986.74ms
step:8/200 train_loss:5.9566 train_time:7902ms step_avg:987.74ms
step:9/200 train_loss:5.9052 train_time:8886ms step_avg:987.30ms
step:10/200 train_loss:5.7926 train_time:9871ms step_avg:987.09ms
step:50/200 train_loss:3.9922 train_time:49282ms step_avg:985.65ms
step:100/200 train_loss:3.7707 train_time:98417ms step_avg:984.17ms
step:150/200 train_loss:3.3921 train_time:147657ms step_avg:984.38ms
swa:start step:200
step:200/200 train_loss:3.2661 train_time:196910ms step_avg:984.55ms
step:200/200 val_loss:3.2188 val_bpb:1.9064 train_time:196937ms step_avg:984.69ms
peak memory allocated: 2662 MiB reserved: 2886 MiB
gptq:SKIPPED (SKIP_GPTQ=1) — using naive int6
ema:SKIPPED (SKIP_EMA=1) — using live model weights
DIAGNOSTIC post_ema val_loss:3.2188 val_bpb:1.9064 eval_time:151638ms
Serialized model: 15743117 bytes
Code size: 129863 bytes
Serialized model int6+brotli: 3377446 bytes
Total submission size int6+brotli: 3507309 bytes
Total submission size int8+zlib: 3507309 bytes
final_int6_roundtrip val_loss:3.2447 val_bpb:1.9217 eval_time:151436ms
final_int6_roundtrip_exact val_loss:3.24468499 val_bpb:1.92168521
