logs/33a1a70c-b4f7-4ec6-8f15-5dca1d8bc1be.txt
val_bpb:enabled tokenizer_kind=sentencepiece tokenizer_path=./data/tokenizers/fineweb_1024_bpe.model
train_loader:dataset:fineweb10B_sp1024 train_shards:1
val_loader:shards pattern=./data/datasets/fineweb10B_sp1024/fineweb_val_*.bin tokens:62021632
model_params:4152348
f1_corr:rank=0 params=0 est_int6_bytes~0
mlp_act:relu_sq mlp_leaky_slope:0.5 crawler_mlp_leaky_slope:0.5 crawler_mlp_choke_dim:0 choke_shape:flat choke_groups:8 crawler_loop_smear:False crawler_tap_dim:16 crawler_tap_loop_specific:True crawler_tap_layers:all crawler_loop_rope_scales:(9, 1, 1)
helix:enabled dim=16 stride=1 crawler_fires=5x
XSA:last_0 world_size:1 grad_accum_steps:8
num_heads:4 num_kv_heads:2 embed_lr:0.035 matrix_lr:0.03
train_batch_tokens:131072 train_seq_len:512 iterations:200 warmup_steps:20 max_wallclock_seconds:0.000
ablate:skip_train=0 init_model_path:- gptq_cal_samples:256 gptq_cal_seq_len:512
compile:enabled=0 fullgraph=0 optimize_ddp=1
ddp:find_unused_parameters=1
seed:444
warmup_step:1/20
warmup_step:2/20
warmup_step:3/20
warmup_step:4/20
warmup_step:5/20
warmup_step:6/20
warmup_step:7/20
warmup_step:8/20
warmup_step:9/20
warmup_step:10/20
warmup_step:11/20
warmup_step:12/20
warmup_step:13/20
warmup_step:14/20
warmup_step:15/20
warmup_step:16/20
warmup_step:17/20
warmup_step:18/20
warmup_step:19/20
warmup_step:20/20
step:0/200 val_loss:6.9293 val_bpb:4.1039 train_time:0ms step_avg:0.01ms
step:1/200 train_loss:6.9301 train_time:991ms step_avg:991.38ms
step:2/200 train_loss:6.4705 train_time:1979ms step_avg:989.51ms
step:3/200 train_loss:6.5209 train_time:2960ms step_avg:986.67ms
step:4/200 train_loss:6.3120 train_time:3937ms step_avg:984.22ms
step:5/200 train_loss:6.2751 train_time:4917ms step_avg:983.37ms
step:6/200 train_loss:6.1465 train_time:5898ms step_avg:983.01ms
step:7/200 train_loss:5.9684 train_time:6885ms step_avg:983.54ms
step:8/200 train_loss:5.9655 train_time:7870ms step_avg:983.73ms
step:9/200 train_loss:5.9313 train_time:8857ms step_avg:984.10ms
step:10/200 train_loss:5.7970 train_time:9838ms step_avg:983.78ms
step:50/200 train_loss:4.0062 train_time:49136ms step_avg:982.72ms
step:100/200 train_loss:3.7602 train_time:98314ms step_avg:983.14ms
step:150/200 train_loss:3.4061 train_time:147450ms step_avg:983.00ms
swa:start step:200
step:200/200 train_loss:3.2811 train_time:196460ms step_avg:982.30ms
step:200/200 val_loss:3.2260 val_bpb:1.9106 train_time:196481ms step_avg:982.40ms
peak memory allocated: 2662 MiB reserved: 2886 MiB
gptq:SKIPPED (SKIP_GPTQ=1) — using naive int6
ema:SKIPPED (SKIP_EMA=1) — using live model weights
DIAGNOSTIC post_ema val_loss:3.2260 val_bpb:1.9106 eval_time:151003ms
Serialized model: 15750025 bytes
Code size: 129863 bytes
Serialized model int6+brotli: 3380027 bytes
Total submission size int6+brotli: 3509890 bytes
Total submission size int8+zlib: 3509890 bytes
final_int6_roundtrip val_loss:3.2527 val_bpb:1.9264 eval_time:151013ms
final_int6_roundtrip_exact val_loss:3.25267599 val_bpb:1.92641794
