WARNING:__main__:
*****************************************
Setting OMP_NUM_THREADS environment variable for each process to be 1 in default, to avoid your system being overloaded, please further tune the variable for optimal performance in your application as needed. 
*****************************************
logs/cd25d1a4-afab-415e-9ca6-76c6f05596d0.txt
val_bpb:enabled tokenizer_kind=sentencepiece tokenizer_path=./data/tokenizers/fineweb_1024_bpe.model
train_loader:dataset:fineweb10B_sp1024 train_shards:80
val_loader:shards pattern=./data/datasets/fineweb10B_sp1024/fineweb_val_*.bin tokens:62021632
model_params:28632156
f1_corr:rank=0 params=0 est_int6_bytes~0
mlp_act:relu_sq mlp_leaky_slope:0.5 crawler_mlp_leaky_slope:0.5 crawler_mlp_choke_dim:0 choke_shape:flat choke_groups:8 crawler_loop_smear:False crawler_tap_dim:0 crawler_tap_loop_specific:True crawler_tap_layers:all crawler_loop_rope_scales:(9, 1, 1)
XSA:last_11 world_size:4 grad_accum_steps:2
num_heads:8 num_kv_heads:4 embed_lr:0.035 matrix_lr:0.03
train_batch_tokens:786432 train_seq_len:2048 iterations:2000 warmup_steps:20 max_wallclock_seconds:3600.000
ablate:skip_train=0 init_model_path:- gptq_cal_samples:128 gptq_cal_seq_len:2048
compile:enabled=1 fullgraph=1 optimize_ddp=0
ddp:find_unused_parameters=1
seed:444
warmup_step:1/20
warmup_step:2/20
warmup_step:3/20
warmup_step:4/20
warmup_step:5/20
warmup_step:6/20
warmup_step:7/20
warmup_step:8/20
warmup_step:9/20
warmup_step:10/20
warmup_step:11/20
warmup_step:12/20
warmup_step:13/20
warmup_step:14/20
warmup_step:15/20
warmup_step:16/20
warmup_step:17/20
warmup_step:18/20
warmup_step:19/20
warmup_step:20/20
step:0/2000 val_loss:6.9286 val_bpb:4.1035 train_time:0ms step_avg:0.01ms
step:1/2000 train_loss:6.9308 train_time:307ms step_avg:307.34ms
step:2/2000 train_loss:8.4883 train_time:596ms step_avg:297.79ms
step:3/2000 train_loss:7.4982 train_time:883ms step_avg:294.27ms
step:4/2000 train_loss:8.1343 train_time:1170ms step_avg:292.49ms
step:5/2000 train_loss:8.3456 train_time:1476ms step_avg:295.21ms
step:6/2000 train_loss:7.9820 train_time:1765ms step_avg:294.19ms
step:7/2000 train_loss:7.4710 train_time:2052ms step_avg:293.17ms
step:8/2000 train_loss:6.9991 train_time:2347ms step_avg:293.39ms
step:9/2000 train_loss:6.6788 train_time:2643ms step_avg:293.69ms
step:10/2000 train_loss:6.3792 train_time:2935ms step_avg:293.47ms
step:500/2000 train_loss:2.4097 train_time:149736ms step_avg:299.47ms
step:1000/2000 train_loss:2.2923 train_time:299763ms step_avg:299.76ms
step:1500/2000 train_loss:2.2085 train_time:449686ms step_avg:299.79ms
step:2000/2000 train_loss:2.0293 train_time:599953ms step_avg:299.98ms
step:2000/2000 val_loss:2.1336 val_bpb:1.2636 train_time:599960ms step_avg:299.98ms
peak memory allocated: 34204 MiB reserved: 35034 MiB
gptq:SKIPPED (SKIP_GPTQ=1) — using naive int6
ema:SKIPPED (SKIP_EMA=1) — using live model weights
DIAGNOSTIC post_ema val_loss:2.1336 val_bpb:1.2636 eval_time:6602ms
Serialized model: 112602492 bytes
Code size: 121718 bytes
Serialized model int6+zstd: 17711326 bytes
Total submission size int6+zstd: 17833044 bytes
Total submission size int8+zlib: 17833044 bytes
/workspace/parameter-golf-lab/crawler/2026-04-01_BW12_Interaction_2k/train_gpt_ablate.py:2405: FutureWarning: You are using `torch.load` with `weights_only=False` (the current default value), which uses the default pickle module implicitly. It is possible to construct malicious pickle data which will execute arbitrary code during unpickling (See https://github.com/pytorch/pytorch/blob/main/SECURITY.md#untrusted-models for more details). In a future release, the default value for `weights_only` will be flipped to `True`. This limits the functions that could be executed during unpickling. Arbitrary objects will no longer be allowed to be loaded via this mode unless they are explicitly allowlisted by the user via `torch.serialization.add_safe_globals`. We recommend you start setting `weights_only=True` for any use case where you don't have full control of the loaded file. Please open an issue on GitHub for any issues related to this experimental feature.
  quant_state = torch.load(
/workspace/parameter-golf-lab/crawler/2026-04-01_BW12_Interaction_2k/train_gpt_ablate.py:2405: FutureWarning: You are using `torch.load` with `weights_only=False` (the current default value), which uses the default pickle module implicitly. It is possible to construct malicious pickle data which will execute arbitrary code during unpickling (See https://github.com/pytorch/pytorch/blob/main/SECURITY.md#untrusted-models for more details). In a future release, the default value for `weights_only` will be flipped to `True`. This limits the functions that could be executed during unpickling. Arbitrary objects will no longer be allowed to be loaded via this mode unless they are explicitly allowlisted by the user via `torch.serialization.add_safe_globals`. We recommend you start setting `weights_only=True` for any use case where you don't have full control of the loaded file. Please open an issue on GitHub for any issues related to this experimental feature.
  quant_state = torch.load(
/workspace/parameter-golf-lab/crawler/2026-04-01_BW12_Interaction_2k/train_gpt_ablate.py:2405: FutureWarning: You are using `torch.load` with `weights_only=False` (the current default value), which uses the default pickle module implicitly. It is possible to construct malicious pickle data which will execute arbitrary code during unpickling (See https://github.com/pytorch/pytorch/blob/main/SECURITY.md#untrusted-models for more details). In a future release, the default value for `weights_only` will be flipped to `True`. This limits the functions that could be executed during unpickling. Arbitrary objects will no longer be allowed to be loaded via this mode unless they are explicitly allowlisted by the user via `torch.serialization.add_safe_globals`. We recommend you start setting `weights_only=True` for any use case where you don't have full control of the loaded file. Please open an issue on GitHub for any issues related to this experimental feature.
  quant_state = torch.load(
/workspace/parameter-golf-lab/crawler/2026-04-01_BW12_Interaction_2k/train_gpt_ablate.py:2405: FutureWarning: You are using `torch.load` with `weights_only=False` (the current default value), which uses the default pickle module implicitly. It is possible to construct malicious pickle data which will execute arbitrary code during unpickling (See https://github.com/pytorch/pytorch/blob/main/SECURITY.md#untrusted-models for more details). In a future release, the default value for `weights_only` will be flipped to `True`. This limits the functions that could be executed during unpickling. Arbitrary objects will no longer be allowed to be loaded via this mode unless they are explicitly allowlisted by the user via `torch.serialization.add_safe_globals`. We recommend you start setting `weights_only=True` for any use case where you don't have full control of the loaded file. Please open an issue on GitHub for any issues related to this experimental feature.
  quant_state = torch.load(
final_int6_roundtrip val_loss:2.1401 val_bpb:1.2675 eval_time:51399ms
final_int6_roundtrip_exact val_loss:2.14013801 val_bpb:1.26751028
final_int6_sliding_window val_loss:2.0987 val_bpb:1.2429 stride:64 eval_time:259590ms
final_int6_sliding_window_exact val_loss:2.09866260 val_bpb:1.24294950
final_int8_zlib_roundtrip_exact val_loss:2.09866260 val_bpb:1.24294950
