logs/b8d7d172-9d31-4ca1-8db5-4c67f25bc7de.txt
val_bpb:enabled tokenizer_kind=sentencepiece tokenizer_path=./data/tokenizers/fineweb_1024_bpe.model
train_loader:dataset:fineweb10B_sp1024 train_shards:1
val_loader:shards pattern=./data/datasets/fineweb10B_sp1024/fineweb_val_*.bin tokens:62021632
model_params:26270292
f1_corr:rank=0 params=0 est_int6_bytes~0
mlp_act:relu_sq mlp_leaky_slope:0.5 crawler_mlp_leaky_slope:0.5 crawler_mlp_choke_dim:0 choke_shape:flat choke_groups:8 crawler_loop_smear:False crawler_tap_dim:0 crawler_tap_loop_specific:True crawler_tap_layers:all crawler_loop_rope_scales:(9, 1, 1)
XSA:last_11 world_size:1 grad_accum_steps:8
num_heads:8 num_kv_heads:4 embed_lr:0.035 matrix_lr:0.03
train_batch_tokens:393216 train_seq_len:2048 iterations:12000 warmup_steps:20 max_wallclock_seconds:240.000
ablate:skip_train=0 init_model_path:- gptq_cal_samples:128 gptq_cal_seq_len:2048
compile:enabled=1 fullgraph=1 optimize_ddp=0
ddp:find_unused_parameters=1
seed:444
warmup_step:1/20
warmup_step:2/20
warmup_step:3/20
warmup_step:4/20
warmup_step:5/20
warmup_step:6/20
warmup_step:7/20
warmup_step:8/20
warmup_step:9/20
warmup_step:10/20
warmup_step:11/20
warmup_step:12/20
warmup_step:13/20
warmup_step:14/20
warmup_step:15/20
warmup_step:16/20
warmup_step:17/20
warmup_step:18/20
warmup_step:19/20
warmup_step:20/20
[rank0]:W0402 01:48:12.937000 3703541 site-packages/torch/_inductor/utils.py:1731] [0/3] Not enough SMs to use max_autotune_gemm mode
step:0/12000 val_loss:6.9291 val_bpb:4.1038 train_time:0ms step_avg:0.01ms
step:1/12000 train_loss:6.9301 train_time:3660ms step_avg:3659.72ms
step:2/12000 train_loss:8.7659 train_time:7300ms step_avg:3650.12ms
step:3/12000 train_loss:8.7216 train_time:10929ms step_avg:3643.13ms
step:4/12000 train_loss:8.6017 train_time:14571ms step_avg:3642.79ms
step:5/12000 train_loss:8.5263 train_time:18212ms step_avg:3642.42ms
step:6/12000 train_loss:8.3208 train_time:21857ms step_avg:3642.85ms
step:7/12000 train_loss:8.2658 train_time:25491ms step_avg:3641.58ms
step:8/12000 train_loss:7.9839 train_time:29120ms step_avg:3640.01ms
step:9/12000 train_loss:7.8552 train_time:32747ms step_avg:3638.60ms
step:10/12000 train_loss:7.7554 train_time:36382ms step_avg:3638.23ms
swa:start step:50
step:66/12000 val_loss:5.6718 val_bpb:3.3592 train_time:240376ms step_avg:3642.05ms
stopping_early: wallclock_cap train_time:240376ms step:66/12000
peak memory allocated: 13775 MiB reserved: 13912 MiB
gptq:SKIPPED (SKIP_GPTQ=1) — using naive int6
ema:SKIPPED (SKIP_EMA=1) — using live model weights
DIAGNOSTIC post_ema val_loss:5.6718 val_bpb:3.3592 eval_time:182009ms
Serialized model: 103152253 bytes
Code size: 121718 bytes
Serialized model int6+zstd: 4687342 bytes
Total submission size int6+zstd: 4809060 bytes
Total submission size int8+zlib: 4809060 bytes
final_int6_roundtrip val_loss:5.7241 val_bpb:3.3902 eval_time:191802ms
final_int6_roundtrip_exact val_loss:5.72413931 val_bpb:3.39015772
final_int6_sliding_window val_loss:5.7241 val_bpb:3.3902 stride:64 eval_time:5902935ms
final_int6_sliding_window_exact val_loss:5.72413359 val_bpb:3.39016331
final_int8_zlib_roundtrip_exact val_loss:5.72413359 val_bpb:3.39016331
