W0413 05:02:55.459000 21614 site-packages/torch/distributed/run.py:851] 
W0413 05:02:55.459000 21614 site-packages/torch/distributed/run.py:851] *****************************************
W0413 05:02:55.459000 21614 site-packages/torch/distributed/run.py:851] Setting OMP_NUM_THREADS environment variable for each process to be 1 in default, to avoid your system being overloaded, please further tune the variable for optimal performance in your application as needed. 
W0413 05:02:55.459000 21614 site-packages/torch/distributed/run.py:851] *****************************************
logs/d491de94-99c5-4a75-b3a9-e84b002d443b.txt
val_bpb:enabled tokenizer_kind=sentencepiece tokenizer_path=./data/tokenizers/fineweb_8192_bpe.model
train_loader:dataset:fineweb10B_sp8192 train_shards:80
val_loader:shards pattern=./data/datasets/fineweb10B_sp8192/fineweb_val_*.bin tokens:40540160
model_params:30173784
mtp_num_heads:0 mtp_loss_weight:0.2 mtp_params:0
XSA:last_11 active_layers:[0, 1, 2, 3, 4, 5, 6, 7, 8, 9, 10]
world_size:8 grad_accum_steps:1
sdp_backends:cudnn=False flash=True mem_efficient=False math=False
attention_mode:gqa num_heads:8 num_kv_heads:4
tie_embeddings:True embed_lr:0.035 head_lr:0.0 matrix_lr:0.022 scalar_lr:0.025
train_batch_tokens:786432 train_seq_len:2048 iterations:20000 warmup_steps:20 max_wallclock_seconds:600.000
compile:enabled=1 mode:default fullgraph=1
mlp_kernel_mode:eager
scale_init:attn=1.0000 mlp=1.0000 resid_mix=(1.0000,0.0000) ln_scale=1
quant_policy:attn=6 mlp=6 aux=6 embed=8 other=8 artifact=final_model.mixed.ptz
seed:300
loader:coprime shards:80 blocks:3906240 seq_len:2048 shards_per_batch:1 cache:1 batch_stride:63 hold_steps:64
warmup_step:1/20
warmup_step:2/20
warmup_step:3/20
warmup_step:4/20
warmup_step:5/20
warmup_step:6/20
warmup_step:7/20
warmup_step:8/20
warmup_step:9/20
warmup_step:10/20
warmup_step:11/20
warmup_step:12/20
warmup_step:13/20
warmup_step:14/20
warmup_step:15/20
warmup_step:16/20
warmup_step:17/20
warmup_step:18/20
warmup_step:19/20
warmup_step:20/20
loop_warmup:enabled encoder:[0, 1, 2, 3, 4, 5, 3, 4] decoder:[5, 3, 4, 5, 6, 7, 8, 9, 10]
loop_warmup_step:1/20
loop_warmup_step:2/20
loop_warmup_step:3/20
loop_warmup_step:4/20
loop_warmup_step:5/20
loop_warmup_step:6/20
loop_warmup_step:7/20
loop_warmup_step:8/20
loop_warmup_step:9/20
loop_warmup_step:10/20
loop_warmup_step:11/20
loop_warmup_step:12/20
loop_warmup_step:13/20
loop_warmup_step:14/20
loop_warmup_step:15/20
loop_warmup_step:16/20
loop_warmup_step:17/20
loop_warmup_step:18/20
loop_warmup_step:19/20
loop_warmup_step:20/20
loader_reset:loader:coprime shards:80 blocks:3906240 seq_len:2048 shards_per_batch:1 cache:1 batch_stride:63 hold_steps:64
step:0/20000 val_loss:9.0012 val_bpb:3.4846 train_time:0ms step_avg:0.01ms
step:1/20000 train_loss:8.9984 train_time:313ms step_avg:312.95ms
step:2/20000 train_loss:9.9088 train_time:344ms step_avg:171.92ms
step:3/20000 train_loss:9.4662 train_time:439ms step_avg:146.27ms
step:4/20000 train_loss:8.7530 train_time:534ms step_avg:133.51ms
step:5/20000 train_loss:8.5813 train_time:630ms step_avg:125.92ms
step:6/20000 train_loss:8.3585 train_time:725ms step_avg:120.82ms
step:7/20000 train_loss:8.2390 train_time:821ms step_avg:117.25ms
step:8/20000 train_loss:7.9743 train_time:917ms step_avg:114.62ms
step:9/20000 train_loss:7.8059 train_time:1012ms step_avg:112.50ms
step:10/20000 train_loss:7.6032 train_time:1108ms step_avg:110.82ms
step:500/20000 train_loss:3.3988 train_time:50056ms step_avg:100.11ms
step:1000/20000 train_loss:3.2670 train_time:100276ms step_avg:100.28ms
step:1500/20000 train_loss:3.1953 train_time:150479ms step_avg:100.32ms
step:2000/20000 train_loss:3.1938 train_time:200738ms step_avg:100.37ms
layer_loop:enabled step:2093 frac:0.350 encoder:[0, 1, 2, 3, 4, 5, 3, 4] decoder:[5, 3, 4, 5, 6, 7, 8, 9, 10]
step:2500/20000 train_loss:3.1342 train_time:268691ms step_avg:107.48ms
step:3000/20000 train_loss:3.0744 train_time:340359ms step_avg:113.45ms
step:3500/20000 train_loss:2.9735 train_time:412278ms step_avg:117.79ms
step:4000/20000 train_loss:2.9565 train_time:484148ms step_avg:121.04ms
step:4000/20000 val_loss:2.9377 val_bpb:1.1373 train_time:484205ms step_avg:121.05ms
swa:start step:4250
late_qat:enabled step:4354 scale:0.1498
step:4500/20000 train_loss:2.7951 train_time:556514ms step_avg:123.67ms
step:4594/20000 val_loss:2.8737 val_bpb:1.1125 train_time:570148ms step_avg:124.11ms
stopping_early: wallclock_cap train_time:570148ms step:4594/20000
peak memory allocated: 35155 MiB reserved: 36634 MiB
gptq:calibrating with training data...
gptq:calibrated 0 layers in 3.0s
ema:applying EMA weights
DIAGNOSTIC post_ema val_loss:2.8638 val_bpb:1.1087 eval_time:2206ms
Serialized model: 112322606 bytes
Code size: 128553 bytes
mixed_quantize: 0 GPTQ tensors, 4 naive tensors int6:4 int8:1
mixed_quantize: 0 GPTQ tensors, 4 naive tensors int6:4 int8:1
mixed_quantize: 0 GPTQ tensors, 4 naive tensors int6:4 int8:1
mixed_quantize: 0 GPTQ tensors, 4 naive tensors int6:4 int8:1
mixed_quantize: 0 GPTQ tensors, 4 naive tensors int6:4 int8:1
mixed_quantize: 0 GPTQ tensors, 4 naive tensors int6:4 int8:1
mixed_quantize: 0 GPTQ tensors, 4 naive tensors int6:4 int8:1
mixed_quantize: 0 GPTQ tensors, 4 naive tensors int6:4 int8:1
Serialized model mixed+brotli: 15441003 bytes
Total submission size mixed+brotli: 15569556 bytes
final_quant_roundtrip val_loss:3.8097 val_bpb:1.4748 eval_time:4369ms
final_quant_roundtrip_exact val_loss:3.80966109 val_bpb:1.47483853
final_sliding_window val_loss:2.8214 val_bpb:1.0923 stride:64 eval_time:86544ms
final_sliding_window_exact val_loss:2.82142034 val_bpb:1.09226433
