logs/f9aad120-80b8-4772-a880-6fd70b394042.txt
val_bpb:enabled tokenizer_kind=sentencepiece tokenizer_path=./data/tokenizers/fineweb_1024_bpe.model
train_loader:dataset:fineweb10B_sp1024 train_shards:1
val_loader:shards pattern=./data/datasets/fineweb10B_sp1024/fineweb_val_*.bin tokens:62021632
model_params:4217884
f1_corr:rank=0 params=0 est_int6_bytes~0
mlp_act:relu_sq mlp_leaky_slope:0.5 crawler_mlp_leaky_slope:0.5 crawler_mlp_choke_dim:0 choke_shape:flat choke_groups:8 crawler_loop_smear:False crawler_tap_dim:0 crawler_tap_loop_specific:True crawler_tap_layers:all crawler_loop_rope_scales:(9, 1, 1)
helix:enabled dim=96 stride=1 crawler_fires=5x
XSA:last_0 world_size:1 grad_accum_steps:8
num_heads:4 num_kv_heads:2 embed_lr:0.035 matrix_lr:0.03
train_batch_tokens:131072 train_seq_len:512 iterations:200 warmup_steps:20 max_wallclock_seconds:0.000
ablate:skip_train=0 init_model_path:- gptq_cal_samples:256 gptq_cal_seq_len:512
compile:enabled=0 fullgraph=0 optimize_ddp=1
ddp:find_unused_parameters=1
seed:444
warmup_step:1/20
warmup_step:2/20
warmup_step:3/20
warmup_step:4/20
warmup_step:5/20
warmup_step:6/20
warmup_step:7/20
warmup_step:8/20
warmup_step:9/20
warmup_step:10/20
warmup_step:11/20
warmup_step:12/20
warmup_step:13/20
warmup_step:14/20
warmup_step:15/20
warmup_step:16/20
warmup_step:17/20
warmup_step:18/20
warmup_step:19/20
warmup_step:20/20
step:0/200 val_loss:6.9309 val_bpb:4.1049 train_time:0ms step_avg:0.01ms
step:1/200 train_loss:6.9317 train_time:1009ms step_avg:1008.63ms
step:2/200 train_loss:6.4195 train_time:2003ms step_avg:1001.52ms
step:3/200 train_loss:6.4183 train_time:2998ms step_avg:999.35ms
step:4/200 train_loss:6.3283 train_time:3985ms step_avg:996.16ms
step:5/200 train_loss:6.1155 train_time:4974ms step_avg:994.89ms
step:6/200 train_loss:5.8176 train_time:5971ms step_avg:995.14ms
step:7/200 train_loss:5.5618 train_time:6967ms step_avg:995.25ms
step:8/200 train_loss:5.4189 train_time:7954ms step_avg:994.22ms
step:9/200 train_loss:5.3580 train_time:8939ms step_avg:993.19ms
step:10/200 train_loss:5.2137 train_time:9937ms step_avg:993.71ms
step:50/200 train_loss:3.9790 train_time:49606ms step_avg:992.13ms
step:100/200 train_loss:3.6866 train_time:99028ms step_avg:990.28ms
step:150/200 train_loss:3.2994 train_time:148557ms step_avg:990.38ms
swa:start step:200
step:200/200 train_loss:3.1500 train_time:198058ms step_avg:990.29ms
step:200/200 val_loss:3.1214 val_bpb:1.8487 train_time:198086ms step_avg:990.43ms
peak memory allocated: 2698 MiB reserved: 2882 MiB
gptq:SKIPPED (SKIP_GPTQ=1) — using naive int6
ema:SKIPPED (SKIP_EMA=1) — using live model weights
DIAGNOSTIC post_ema val_loss:3.1214 val_bpb:1.8487 eval_time:152859ms
Serialized model: 15847366 bytes
Code size: 129863 bytes
Serialized model int6+brotli: 3506162 bytes
Total submission size int6+brotli: 3636025 bytes
Total submission size int8+zlib: 3636025 bytes
final_int6_roundtrip val_loss:3.1465 val_bpb:1.8635 eval_time:152636ms
final_int6_roundtrip_exact val_loss:3.14647277 val_bpb:1.86351840
