logs/fdd5eb97-e0f9-4ec8-8de2-50a8779b5186.txt
val_bpb:enabled tokenizer_kind=sentencepiece tokenizer_path=./data/tokenizers/fineweb_1024_bpe.model
train_loader:dataset:fineweb10B_sp1024 train_shards:1
val_loader:shards pattern=./data/datasets/fineweb10B_sp1024/fineweb_val_*.bin tokens:62021632
model_params:4250652
f1_corr:rank=0 params=0 est_int6_bytes~0
mlp_act:relu_sq mlp_leaky_slope:0.5 crawler_mlp_leaky_slope:0.5 crawler_mlp_choke_dim:0 choke_shape:flat choke_groups:8 crawler_loop_smear:False crawler_tap_dim:0 crawler_tap_loop_specific:True crawler_tap_layers:all crawler_loop_rope_scales:(9, 1, 1)
helix:enabled dim=128 stride=1 crawler_fires=5x
XSA:last_0 world_size:1 grad_accum_steps:8
num_heads:4 num_kv_heads:2 embed_lr:0.035 matrix_lr:0.03
train_batch_tokens:131072 train_seq_len:512 iterations:200 warmup_steps:20 max_wallclock_seconds:0.000
ablate:skip_train=0 init_model_path:- gptq_cal_samples:256 gptq_cal_seq_len:512
compile:enabled=0 fullgraph=0 optimize_ddp=1
ddp:find_unused_parameters=1
seed:444
warmup_step:1/20
warmup_step:2/20
warmup_step:3/20
warmup_step:4/20
warmup_step:5/20
warmup_step:6/20
warmup_step:7/20
warmup_step:8/20
warmup_step:9/20
warmup_step:10/20
warmup_step:11/20
warmup_step:12/20
warmup_step:13/20
warmup_step:14/20
warmup_step:15/20
warmup_step:16/20
warmup_step:17/20
warmup_step:18/20
warmup_step:19/20
warmup_step:20/20
step:0/200 val_loss:6.9320 val_bpb:4.1055 train_time:0ms step_avg:0.01ms
step:1/200 train_loss:6.9323 train_time:1008ms step_avg:1008.49ms
step:2/200 train_loss:6.3720 train_time:1994ms step_avg:997.15ms
step:3/200 train_loss:6.4161 train_time:2978ms step_avg:992.61ms
step:4/200 train_loss:6.2784 train_time:3972ms step_avg:992.89ms
step:5/200 train_loss:6.0911 train_time:4953ms step_avg:990.59ms
step:6/200 train_loss:5.7906 train_time:5930ms step_avg:988.28ms
step:7/200 train_loss:5.5388 train_time:6911ms step_avg:987.34ms
step:8/200 train_loss:5.3855 train_time:7892ms step_avg:986.49ms
step:9/200 train_loss:5.2920 train_time:8878ms step_avg:986.44ms
step:10/200 train_loss:5.1025 train_time:9875ms step_avg:987.54ms
step:50/200 train_loss:3.9567 train_time:49440ms step_avg:988.79ms
step:100/200 train_loss:3.6973 train_time:98910ms step_avg:989.10ms
step:150/200 train_loss:3.3221 train_time:148329ms step_avg:988.86ms
swa:start step:200
step:200/200 train_loss:3.1701 train_time:197792ms step_avg:988.96ms
step:200/200 val_loss:3.1362 val_bpb:1.8574 train_time:197821ms step_avg:989.10ms
peak memory allocated: 2698 MiB reserved: 2882 MiB
gptq:SKIPPED (SKIP_GPTQ=1) — using naive int6
ema:SKIPPED (SKIP_EMA=1) — using live model weights
DIAGNOSTIC post_ema val_loss:3.1362 val_bpb:1.8574 eval_time:153029ms
Serialized model: 15912902 bytes
Code size: 129863 bytes
Serialized model int6+brotli: 3564190 bytes
Total submission size int6+brotli: 3694053 bytes
Total submission size int8+zlib: 3694053 bytes
final_int6_roundtrip val_loss:3.1604 val_bpb:1.8717 eval_time:152742ms
final_int6_roundtrip_exact val_loss:3.16036819 val_bpb:1.87174806
