logs/f2dfddd9-9b33-46cb-b977-82e05c60d8cc.txt
val_bpb:enabled tokenizer_kind=sentencepiece tokenizer_path=./data/tokenizers/fineweb_1024_bpe.model
train_loader:dataset:fineweb10B_sp1024 train_shards:1
val_loader:shards pattern=./data/datasets/fineweb10B_sp1024/fineweb_val_*.bin tokens:62021632
model_params:4250652
f1_corr:rank=0 params=0 est_int6_bytes~0
mlp_act:relu_sq mlp_leaky_slope:0.5 crawler_mlp_leaky_slope:0.5 crawler_mlp_choke_dim:0 choke_shape:flat choke_groups:8 crawler_loop_smear:False crawler_tap_dim:0 crawler_tap_loop_specific:True crawler_tap_layers:all crawler_loop_rope_scales:(9, 1, 1)
helix:enabled dim=128 stride=5 crawler_fires=1x
XSA:last_0 world_size:1 grad_accum_steps:8
num_heads:4 num_kv_heads:2 embed_lr:0.035 matrix_lr:0.03
train_batch_tokens:131072 train_seq_len:512 iterations:200 warmup_steps:20 max_wallclock_seconds:0.000
ablate:skip_train=0 init_model_path:- gptq_cal_samples:256 gptq_cal_seq_len:512
compile:enabled=0 fullgraph=0 optimize_ddp=1
ddp:find_unused_parameters=1
seed:444
warmup_step:1/20
warmup_step:2/20
warmup_step:3/20
warmup_step:4/20
warmup_step:5/20
warmup_step:6/20
warmup_step:7/20
warmup_step:8/20
warmup_step:9/20
warmup_step:10/20
warmup_step:11/20
warmup_step:12/20
warmup_step:13/20
warmup_step:14/20
warmup_step:15/20
warmup_step:16/20
warmup_step:17/20
warmup_step:18/20
warmup_step:19/20
warmup_step:20/20
step:0/200 val_loss:6.9289 val_bpb:4.1037 train_time:0ms step_avg:0.01ms
step:1/200 train_loss:6.9301 train_time:609ms step_avg:609.42ms
step:2/200 train_loss:6.4361 train_time:1201ms step_avg:600.27ms
step:3/200 train_loss:6.4827 train_time:1787ms step_avg:595.67ms
step:4/200 train_loss:6.3534 train_time:2379ms step_avg:594.85ms
step:5/200 train_loss:6.3779 train_time:2967ms step_avg:593.42ms
step:6/200 train_loss:6.2737 train_time:3557ms step_avg:592.88ms
step:7/200 train_loss:6.0778 train_time:4144ms step_avg:591.95ms
step:8/200 train_loss:5.9403 train_time:4732ms step_avg:591.53ms
step:9/200 train_loss:5.9194 train_time:5323ms step_avg:591.41ms
step:10/200 train_loss:5.8338 train_time:5910ms step_avg:591.05ms
step:50/200 train_loss:4.0222 train_time:29471ms step_avg:589.42ms
step:100/200 train_loss:3.7682 train_time:58918ms step_avg:589.18ms
step:150/200 train_loss:3.4197 train_time:88385ms step_avg:589.23ms
swa:start step:200
step:200/200 train_loss:3.2754 train_time:117821ms step_avg:589.10ms
step:200/200 val_loss:3.2290 val_bpb:1.9124 train_time:117839ms step_avg:589.20ms
peak memory allocated: 1659 MiB reserved: 1890 MiB
gptq:SKIPPED (SKIP_GPTQ=1) — using naive int6
ema:SKIPPED (SKIP_EMA=1) — using live model weights
DIAGNOSTIC post_ema val_loss:3.2290 val_bpb:1.9124 eval_time:90996ms
Serialized model: 15912902 bytes
Code size: 129863 bytes
Serialized model int6+brotli: 3528495 bytes
Total submission size int6+brotli: 3658358 bytes
Total submission size int8+zlib: 3658358 bytes
final_int6_roundtrip val_loss:3.2562 val_bpb:1.9285 eval_time:90917ms
final_int6_roundtrip_exact val_loss:3.25623134 val_bpb:1.92852361
