logs/2d729cab-a86c-4761-96b0-45c03b1f18e0.txt
val_bpb:enabled tokenizer_kind=sentencepiece tokenizer_path=./data/tokenizers/fineweb_1024_bpe.model
train_loader:dataset:fineweb10B_sp1024 train_shards:1
val_loader:shards pattern=./data/datasets/fineweb10B_sp1024/fineweb_val_*.bin tokens:62021632
model_params:4250652
f1_corr:rank=0 params=0 est_int6_bytes~0
mlp_act:relu_sq mlp_leaky_slope:0.5 crawler_mlp_leaky_slope:0.5 crawler_mlp_choke_dim:0 choke_shape:flat choke_groups:8 crawler_loop_smear:False crawler_tap_dim:0 crawler_tap_loop_specific:True crawler_tap_layers:all crawler_loop_rope_scales:(9, 1, 1)
helix:enabled dim=128 stride=3 crawler_fires=1x
XSA:last_0 world_size:1 grad_accum_steps:8
num_heads:4 num_kv_heads:2 embed_lr:0.035 matrix_lr:0.03
train_batch_tokens:131072 train_seq_len:512 iterations:200 warmup_steps:20 max_wallclock_seconds:0.000
ablate:skip_train=0 init_model_path:- gptq_cal_samples:256 gptq_cal_seq_len:512
compile:enabled=0 fullgraph=0 optimize_ddp=1
ddp:find_unused_parameters=1
seed:444
warmup_step:1/20
warmup_step:2/20
warmup_step:3/20
warmup_step:4/20
warmup_step:5/20
warmup_step:6/20
warmup_step:7/20
warmup_step:8/20
warmup_step:9/20
warmup_step:10/20
warmup_step:11/20
warmup_step:12/20
warmup_step:13/20
warmup_step:14/20
warmup_step:15/20
warmup_step:16/20
warmup_step:17/20
warmup_step:18/20
warmup_step:19/20
warmup_step:20/20
step:0/200 val_loss:6.9289 val_bpb:4.1037 train_time:0ms step_avg:0.01ms
step:1/200 train_loss:6.9301 train_time:605ms step_avg:605.31ms
step:2/200 train_loss:6.4571 train_time:1191ms step_avg:595.38ms
step:3/200 train_loss:6.4913 train_time:1778ms step_avg:592.62ms
step:4/200 train_loss:6.3394 train_time:2367ms step_avg:591.71ms
step:5/200 train_loss:6.2826 train_time:2959ms step_avg:591.72ms
step:6/200 train_loss:6.2143 train_time:3548ms step_avg:591.26ms
step:7/200 train_loss:6.0452 train_time:4136ms step_avg:590.90ms
step:8/200 train_loss:5.9407 train_time:4728ms step_avg:591.05ms
step:9/200 train_loss:5.9331 train_time:5318ms step_avg:590.93ms
step:10/200 train_loss:5.8420 train_time:5907ms step_avg:590.70ms
step:50/200 train_loss:4.0206 train_time:29445ms step_avg:588.90ms
step:100/200 train_loss:3.7560 train_time:58920ms step_avg:589.20ms
step:150/200 train_loss:3.3940 train_time:88455ms step_avg:589.70ms
swa:start step:200
step:200/200 train_loss:3.2623 train_time:117935ms step_avg:589.68ms
step:200/200 val_loss:3.2195 val_bpb:1.9068 train_time:117951ms step_avg:589.75ms
peak memory allocated: 1659 MiB reserved: 1874 MiB
gptq:SKIPPED (SKIP_GPTQ=1) — using naive int6
ema:SKIPPED (SKIP_EMA=1) — using live model weights
DIAGNOSTIC post_ema val_loss:3.2195 val_bpb:1.9068 eval_time:89978ms
Serialized model: 15912902 bytes
Code size: 129863 bytes
Serialized model int6+brotli: 3532380 bytes
Total submission size int6+brotli: 3662243 bytes
Total submission size int8+zlib: 3662243 bytes
final_int6_roundtrip val_loss:3.2468 val_bpb:1.9229 eval_time:89856ms
final_int6_roundtrip_exact val_loss:3.24679013 val_bpb:1.92293200
