logs/6decaf71-3031-4ff8-bdf2-1a61172e6482.txt
val_bpb:enabled tokenizer_kind=sentencepiece tokenizer_path=./data/tokenizers/fineweb_1024_bpe.model
train_loader:dataset:fineweb10B_sp1024 train_shards:1
val_loader:shards pattern=./data/datasets/fineweb10B_sp1024/fineweb_val_*.bin tokens:62021632
model_params:6614572
f1_corr:rank=0 params=0 est_int6_bytes~0
mlp_act:relu_sq mlp_leaky_slope:0.5 crawler_mlp_leaky_slope:0.5 crawler_mlp_choke_dim:0 choke_shape:flat choke_groups:8 crawler_loop_smear:False crawler_tap_dim:0 crawler_tap_loop_specific:True crawler_tap_layers:all crawler_loop_rope_scales:(9, 1, 1)
helix:enabled dim=64 stride=1 crawler_fires=9x
XSA:last_0 world_size:1 grad_accum_steps:8
num_heads:4 num_kv_heads:2 embed_lr:0.035 matrix_lr:0.03
train_batch_tokens:131072 train_seq_len:512 iterations:200 warmup_steps:20 max_wallclock_seconds:0.000
ablate:skip_train=0 init_model_path:- gptq_cal_samples:256 gptq_cal_seq_len:512
compile:enabled=0 fullgraph=0 optimize_ddp=1
ddp:find_unused_parameters=1
seed:444
warmup_step:1/20
warmup_step:2/20
warmup_step:3/20
warmup_step:4/20
warmup_step:5/20
warmup_step:6/20
warmup_step:7/20
warmup_step:8/20
warmup_step:9/20
warmup_step:10/20
warmup_step:11/20
warmup_step:12/20
warmup_step:13/20
warmup_step:14/20
warmup_step:15/20
warmup_step:16/20
warmup_step:17/20
warmup_step:18/20
warmup_step:19/20
warmup_step:20/20
step:0/200 val_loss:6.9315 val_bpb:4.1052 train_time:0ms step_avg:0.01ms
step:1/200 train_loss:6.9317 train_time:2232ms step_avg:2231.52ms
step:2/200 train_loss:6.2348 train_time:4446ms step_avg:2223.23ms
step:3/200 train_loss:7.9720 train_time:6657ms step_avg:2218.99ms
step:4/200 train_loss:7.7642 train_time:8863ms step_avg:2215.77ms
step:5/200 train_loss:7.3864 train_time:11065ms step_avg:2213.02ms
step:6/200 train_loss:7.3173 train_time:13271ms step_avg:2211.77ms
step:7/200 train_loss:7.2841 train_time:15475ms step_avg:2210.76ms
step:8/200 train_loss:6.9974 train_time:17685ms step_avg:2210.62ms
step:9/200 train_loss:7.0166 train_time:19885ms step_avg:2209.49ms
step:10/200 train_loss:7.0581 train_time:22096ms step_avg:2209.57ms
step:50/200 train_loss:8.2502 train_time:110413ms step_avg:2208.26ms
step:100/200 train_loss:13.8058 train_time:220782ms step_avg:2207.82ms
step:150/200 train_loss:14.7885 train_time:330973ms step_avg:2206.49ms
swa:start step:200
step:200/200 train_loss:15.9595 train_time:441241ms step_avg:2206.20ms
step:200/200 val_loss:15.9355 val_bpb:9.4379 train_time:441274ms step_avg:2206.37ms
peak memory allocated: 5540 MiB reserved: 5764 MiB
gptq:SKIPPED (SKIP_GPTQ=1) — using naive int6
ema:SKIPPED (SKIP_EMA=1) — using live model weights
DIAGNOSTIC post_ema val_loss:15.9355 val_bpb:9.4379 eval_time:346617ms
Serialized model: 25382661 bytes
Code size: 129863 bytes
Serialized model int6+brotli: 5411980 bytes
Total submission size int6+brotli: 5541843 bytes
Total submission size int8+zlib: 5541843 bytes
final_int6_roundtrip val_loss:15.9582 val_bpb:9.4514 eval_time:346985ms
final_int6_roundtrip_exact val_loss:15.95821925 val_bpb:9.45135633
