logs/25369124-19de-4dfa-b818-dc6400a8f6bb.txt
val_bpb:enabled tokenizer_kind=sentencepiece tokenizer_path=./data/tokenizers/fineweb_1024_bpe.model
train_loader:dataset:fineweb10B_sp1024 train_shards:1
val_loader:shards pattern=./data/datasets/fineweb10B_sp1024/fineweb_val_*.bin tokens:62021632
model_params:4152348
f1_corr:rank=0 params=0 est_int6_bytes~0
mlp_act:relu_sq mlp_leaky_slope:0.5 crawler_mlp_leaky_slope:0.5 crawler_mlp_choke_dim:0 choke_shape:flat choke_groups:8 crawler_loop_smear:False crawler_tap_dim:0 crawler_tap_loop_specific:True crawler_tap_layers:all crawler_loop_rope_scales:(9, 1, 1)
helix:enabled dim=16 stride=1 crawler_fires=5x
XSA:last_0 world_size:1 grad_accum_steps:8
num_heads:4 num_kv_heads:2 embed_lr:0.035 matrix_lr:0.03
train_batch_tokens:131072 train_seq_len:512 iterations:200 warmup_steps:20 max_wallclock_seconds:0.000
ablate:skip_train=0 init_model_path:- gptq_cal_samples:256 gptq_cal_seq_len:512
compile:enabled=0 fullgraph=0 optimize_ddp=1
ddp:find_unused_parameters=1
seed:444
warmup_step:1/20
warmup_step:2/20
warmup_step:3/20
warmup_step:4/20
warmup_step:5/20
warmup_step:6/20
warmup_step:7/20
warmup_step:8/20
warmup_step:9/20
warmup_step:10/20
warmup_step:11/20
warmup_step:12/20
warmup_step:13/20
warmup_step:14/20
warmup_step:15/20
warmup_step:16/20
warmup_step:17/20
warmup_step:18/20
warmup_step:19/20
warmup_step:20/20
step:0/200 val_loss:6.9287 val_bpb:4.1036 train_time:0ms step_avg:0.01ms
step:1/200 train_loss:6.9300 train_time:1255ms step_avg:1255.26ms
step:2/200 train_loss:6.4846 train_time:2486ms step_avg:1243.08ms
step:3/200 train_loss:6.5033 train_time:3718ms step_avg:1239.31ms
step:4/200 train_loss:6.3097 train_time:4950ms step_avg:1237.40ms
step:5/200 train_loss:6.2254 train_time:6180ms step_avg:1235.93ms
step:6/200 train_loss:6.1067 train_time:7409ms step_avg:1234.85ms
step:7/200 train_loss:5.9895 train_time:8631ms step_avg:1232.97ms
step:8/200 train_loss:5.9401 train_time:9863ms step_avg:1232.92ms
step:9/200 train_loss:5.8960 train_time:11094ms step_avg:1232.68ms
step:10/200 train_loss:5.7838 train_time:12323ms step_avg:1232.29ms
step:50/200 train_loss:4.0164 train_time:61747ms step_avg:1234.94ms
step:100/200 train_loss:3.7672 train_time:123464ms step_avg:1234.64ms
step:150/200 train_loss:3.3940 train_time:185141ms step_avg:1234.27ms
swa:start step:200
step:200/200 train_loss:3.2653 train_time:246888ms step_avg:1234.44ms
step:200/200 val_loss:3.2161 val_bpb:1.9048 train_time:246902ms step_avg:1234.51ms
peak memory allocated: 3157 MiB reserved: 3446 MiB
gptq:SKIPPED (SKIP_GPTQ=1) — using naive int6
ema:SKIPPED (SKIP_EMA=1) — using live model weights
DIAGNOSTIC post_ema val_loss:3.2161 val_bpb:1.9048 eval_time:187437ms
Serialized model: 15717578 bytes
Code size: 129863 bytes
Serialized model int6+brotli: 3396600 bytes
Total submission size int6+brotli: 3526463 bytes
Total submission size int8+zlib: 3526463 bytes
final_int6_roundtrip val_loss:3.2444 val_bpb:1.9215 eval_time:187415ms
final_int6_roundtrip_exact val_loss:3.24437363 val_bpb:1.92150081
