logs/8f4331fa-19b6-4187-bdcf-fa17baf7a16a.txt
val_bpb:enabled tokenizer_kind=sentencepiece tokenizer_path=./data/tokenizers/fineweb_1024_bpe.model
train_loader:dataset:fineweb10B_sp1024 train_shards:1
val_loader:shards pattern=./data/datasets/fineweb10B_sp1024/fineweb_val_*.bin tokens:62021632
model_params:4250652
f1_corr:rank=0 params=0 est_int6_bytes~0
mlp_act:relu_sq mlp_leaky_slope:0.5 crawler_mlp_leaky_slope:0.5 crawler_mlp_choke_dim:0 choke_shape:flat choke_groups:8 crawler_loop_smear:False crawler_tap_dim:0 crawler_tap_loop_specific:True crawler_tap_layers:all crawler_loop_rope_scales:(9, 1, 1)
helix:enabled dim=64 stride=1 crawler_fires=5x
XSA:last_0 world_size:1 grad_accum_steps:8
num_heads:4 num_kv_heads:2 embed_lr:0.035 matrix_lr:0.03
train_batch_tokens:131072 train_seq_len:512 iterations:200 warmup_steps:20 max_wallclock_seconds:0.000
ablate:skip_train=0 init_model_path:- gptq_cal_samples:256 gptq_cal_seq_len:512
compile:enabled=0 fullgraph=0 optimize_ddp=1
ddp:find_unused_parameters=1
seed:444
warmup_step:1/20
warmup_step:2/20
warmup_step:3/20
warmup_step:4/20
warmup_step:5/20
warmup_step:6/20
warmup_step:7/20
warmup_step:8/20
warmup_step:9/20
warmup_step:10/20
warmup_step:11/20
warmup_step:12/20
warmup_step:13/20
warmup_step:14/20
warmup_step:15/20
warmup_step:16/20
warmup_step:17/20
warmup_step:18/20
warmup_step:19/20
warmup_step:20/20
step:0/200 val_loss:6.9297 val_bpb:4.1041 train_time:0ms step_avg:0.01ms
step:1/200 train_loss:6.9311 train_time:1258ms step_avg:1258.09ms
step:2/200 train_loss:6.3366 train_time:2498ms step_avg:1249.09ms
step:3/200 train_loss:7.6626 train_time:3741ms step_avg:1246.91ms
step:4/200 train_loss:7.6759 train_time:4983ms step_avg:1245.64ms
step:5/200 train_loss:7.3214 train_time:6225ms step_avg:1244.94ms
step:6/200 train_loss:6.9464 train_time:7466ms step_avg:1244.25ms
step:7/200 train_loss:6.6508 train_time:8707ms step_avg:1243.84ms
step:8/200 train_loss:6.5739 train_time:9956ms step_avg:1244.45ms
step:9/200 train_loss:6.4027 train_time:11198ms step_avg:1244.24ms
step:10/200 train_loss:6.1924 train_time:12441ms step_avg:1244.06ms
step:50/200 train_loss:4.4466 train_time:62102ms step_avg:1242.04ms
step:100/200 train_loss:3.9854 train_time:124191ms step_avg:1241.91ms
step:150/200 train_loss:3.5904 train_time:186344ms step_avg:1242.29ms
swa:start step:200
step:200/200 train_loss:3.4614 train_time:248414ms step_avg:1242.07ms
step:200/200 val_loss:3.4067 val_bpb:2.0176 train_time:248439ms step_avg:1242.19ms
peak memory allocated: 3218 MiB reserved: 3426 MiB
gptq:SKIPPED (SKIP_GPTQ=1) — using naive int6
ema:SKIPPED (SKIP_EMA=1) — using live model weights
DIAGNOSTIC post_ema val_loss:3.4067 val_bpb:2.0176 eval_time:190147ms
Serialized model: 15914186 bytes
Code size: 129863 bytes
Serialized model int6+brotli: 3481127 bytes
Total submission size int6+brotli: 3610990 bytes
Total submission size int8+zlib: 3610990 bytes
final_int6_roundtrip val_loss:3.4314 val_bpb:2.0323 eval_time:190030ms
final_int6_roundtrip_exact val_loss:3.43142922 val_bpb:2.03228567
