logs/35a7c7f4-192a-4c52-b408-a2d78721b2a2.txt
val_bpb:enabled tokenizer_kind=sentencepiece tokenizer_path=./data/tokenizers/fineweb_1024_bpe.model
train_loader:dataset:fineweb10B_sp1024 train_shards:1
val_loader:shards pattern=./data/datasets/fineweb10B_sp1024/fineweb_val_*.bin tokens:62021632
model_params:4119324
f1_corr:rank=0 params=0 est_int6_bytes~0
mlp_act:relu_sq mlp_leaky_slope:0.5 crawler_mlp_leaky_slope:0.5 crawler_mlp_choke_dim:0 choke_shape:flat choke_groups:8 crawler_loop_smear:False crawler_tap_dim:0 crawler_tap_loop_specific:True crawler_tap_layers:all crawler_loop_rope_scales:(9, 1, 1)
XSA:last_0 world_size:1 grad_accum_steps:8
num_heads:4 num_kv_heads:2 embed_lr:0.035 matrix_lr:0.03
train_batch_tokens:131072 train_seq_len:512 iterations:200 warmup_steps:20 max_wallclock_seconds:0.000
ablate:skip_train=0 init_model_path:- gptq_cal_samples:256 gptq_cal_seq_len:512
compile:enabled=0 fullgraph=0 optimize_ddp=1
ddp:find_unused_parameters=1
seed:444
warmup_step:1/20
warmup_step:2/20
warmup_step:3/20
warmup_step:4/20
warmup_step:5/20
warmup_step:6/20
warmup_step:7/20
warmup_step:8/20
warmup_step:9/20
warmup_step:10/20
warmup_step:11/20
warmup_step:12/20
warmup_step:13/20
warmup_step:14/20
warmup_step:15/20
warmup_step:16/20
warmup_step:17/20
warmup_step:18/20
warmup_step:19/20
warmup_step:20/20
step:0/200 val_loss:6.9301 val_bpb:4.1044 train_time:0ms step_avg:0.01ms
step:1/200 train_loss:6.9319 train_time:596ms step_avg:595.83ms
step:2/200 train_loss:6.4790 train_time:1172ms step_avg:586.23ms
step:3/200 train_loss:6.4630 train_time:1753ms step_avg:584.38ms
step:4/200 train_loss:6.2340 train_time:2332ms step_avg:583.02ms
step:5/200 train_loss:6.1622 train_time:2904ms step_avg:580.82ms
step:6/200 train_loss:6.0255 train_time:3479ms step_avg:579.83ms
step:7/200 train_loss:5.9780 train_time:4063ms step_avg:580.41ms
step:8/200 train_loss:5.9508 train_time:4647ms step_avg:580.88ms
step:9/200 train_loss:5.8499 train_time:5229ms step_avg:581.04ms
step:10/200 train_loss:5.7228 train_time:5810ms step_avg:580.96ms
step:50/200 train_loss:4.0020 train_time:29001ms step_avg:580.02ms
step:100/200 train_loss:3.7478 train_time:57926ms step_avg:579.26ms
step:150/200 train_loss:3.4026 train_time:86840ms step_avg:578.93ms
swa:start step:200
step:200/200 train_loss:3.2696 train_time:115791ms step_avg:578.96ms
step:200/200 val_loss:3.2274 val_bpb:1.9114 train_time:115806ms step_avg:579.03ms
peak memory allocated: 1618 MiB reserved: 1876 MiB
gptq:SKIPPED (SKIP_GPTQ=1) — using naive int6
ema:SKIPPED (SKIP_EMA=1) — using live model weights
DIAGNOSTIC post_ema val_loss:3.2274 val_bpb:1.9114 eval_time:88303ms
Serialized model: 15648193 bytes
Code size: 129863 bytes
Serialized model int6+brotli: 3353214 bytes
Total submission size int6+brotli: 3483077 bytes
Total submission size int8+zlib: 3483077 bytes
final_int6_roundtrip val_loss:3.2552 val_bpb:1.9279 eval_time:88316ms
final_int6_roundtrip_exact val_loss:3.25516344 val_bpb:1.92789114
