============================================
  Trapper Keeper 1 (8F+3C) -- full run
  seed=444 GPUs=8 wallclock=600s
  NUM_FLAT_LAYERS=7 NUM_CRAWLER_LAYERS=3 CRAWLER_LOOPS=3
  CRAWLER_QUANT_INT8=0  (0=smaller artifacts, 1=higher risk for >16MB)
  log: /workspace/parameter-golf/crawler/2026-04-09_Trapper_Keeper_1/logs/train_seed444_20260410_055647.log
============================================

W0410 05:56:49.804000 2562 torch/distributed/run.py:803]
W0410 05:56:49.804000 2562 torch/distributed/run.py:803] *****************************************
W0410 05:56:49.804000 2562 torch/distributed/run.py:803] Setting OMP_NUM_THREADS environment variable for each process to be 1 in default, to avoid your system being overloaded, please further tune the variable for optimal performance in your application as needed.
W0410 05:56:49.804000 2562 torch/distributed/run.py:803] *****************************************
logs/f278604e-55d8-4cf0-842c-d19d9ddcca2b.txt
val_bpb:enabled tokenizer_kind=sentencepiece tokenizer_path=./data/tokenizers/fineweb_1024_bpe.model
train_loader:dataset:fineweb10B_sp1024 train_shards:80
val_loader:shards pattern=./data/datasets/fineweb10B_sp1024/fineweb_val_*.bin tokens:62021632
model_params:29415508
f1_corr:rank=0 params=0 est_int6_bytes~0
mlp_act:relu_sq mlp_leaky_slope:0.5 crawler_mlp_leaky_slope:0.5 crawler_mlp_choke_dim:0 choke_shape:flat choke_groups:8 crawler_loop_smear:False crawler_tap_dim:0 crawler_tap_loop_specific:True crawler_tap_layers:all crawler_loop_rope_scales:(9, 1, 1)
XSA:last_11 world_size:8 grad_accum_steps:1
num_heads:8 num_kv_heads:4 embed_lr:0.035 matrix_lr:0.03
train_batch_tokens:786432 train_seq_len:2048 iterations:20000 warmup_steps:20 max_wallclock_seconds:600.000
ablate:skip_train=0 init_model_path:- gptq_cal_samples:256 gptq_cal_seq_len:2048
compile:enabled=1 fullgraph=1 optimize_ddp=0
ddp:find_unused_parameters=1
seed:444
warmup_step:1/20
warmup_step:2/20
warmup_step:3/20
warmup_step:4/20
warmup_step:5/20
warmup_step:6/20
warmup_step:7/20
warmup_step:8/20
warmup_step:9/20
warmup_step:10/20
warmup_step:11/20
warmup_step:12/20
warmup_step:13/20
warmup_step:14/20
warmup_step:15/20
warmup_step:16/20
warmup_step:17/20
warmup_step:18/20
warmup_step:19/20
warmup_step:20/20
step:0/20000 val_loss:6.9293 val_bpb:4.1039 train_time:0ms step_avg:0.02ms
step:1/20000 train_loss:6.9315 train_time:190ms step_avg:189.88ms
step:2/20000 train_loss:8.5869 train_time:330ms step_avg:165.03ms
step:3/20000 train_loss:7.6644 train_time:470ms step_avg:156.53ms
step:4/20000 train_loss:7.3057 train_time:609ms step_avg:152.13ms
step:5/20000 train_loss:7.1568 train_time:749ms step_avg:149.83ms
step:6/20000 train_loss:7.0434 train_time:890ms step_avg:148.40ms
step:7/20000 train_loss:6.9137 train_time:1032ms step_avg:147.49ms
step:8/20000 train_loss:6.7435 train_time:1181ms step_avg:147.61ms
step:9/20000 train_loss:6.4301 train_time:1325ms step_avg:147.25ms
step:10/20000 train_loss:6.0525 train_time:1474ms step_avg:147.38ms
step:500/20000 train_loss:2.4147 train_time:74970ms step_avg:149.94ms
step:1000/20000 train_loss:2.2715 train_time:150000ms step_avg:150.00ms
step:1500/20000 train_loss:2.2102 train_time:224895ms step_avg:149.93ms
step:2000/20000 train_loss:2.0469 train_time:299714ms step_avg:149.86ms
step:2500/20000 train_loss:2.1299 train_time:374480ms step_avg:149.79ms
step:3000/20000 train_loss:2.0942 train_time:449236ms step_avg:149.75ms
step:3500/20000 train_loss:2.0872 train_time:524623ms step_avg:149.89ms
swa:start step:3650
step:3997/20000 val_loss:1.9472 val_bpb:1.1532 train_time:600034ms step_avg:150.12ms
stopping_early: wallclock_cap train_time:600034ms step:3997/20000
peak memory allocated: 37038 MiB reserved: 37686 MiB
gptq:SKIPPED (SKIP_GPTQ=1) -- using naive int6
ema:SKIPPED (SKIP_EMA=1) -- using live model weights
DIAGNOSTIC post_ema val_loss:1.9472 val_bpb:1.1532 eval_time:3385ms
Serialized model: 115733181 bytes
Code size: 122265 bytes
Serialized model int6+brotli: 15942764 bytes
Total submission size int6+brotli: 16065029 bytes
Total submission size int8+zlib: 16065029 bytes
final_int6_roundtrip val_loss:1.9604 val_bpb:1.1611 eval_time:24383ms
final_int6_roundtrip_exact val_loss:1.96039277 val_bpb:1.16105502
final_int6_sliding_window val_loss:1.9194 val_bpb:1.1368 stride:64 eval_time:144327ms
final_int6_sliding_window_exact val_loss:1.91940163 val_bpb:1.13678077
final_int8_zlib_roundtrip_exact val_loss:1.91940163 val_bpb:1.13678077

============================================
  RESULT -- Trapper Keeper 1 (8F+3C) seed=444
  model_params:  29415508
  raw_bpb:       1.1532
  int6_sw_bpb:   1.13678077
  step_avg_ms:   150.12
  steps:         3997
  train_time_s:  600
  bytes_total:   16065029  (limit 16000000)
  bytes_code:    122265
  artifact_legal:no
  log:           /workspace/parameter-golf/crawler/2026-04-09_Trapper_Keeper_1/train_seed444.log
============================================
ERROR: artifact exceeds 16000000 bytes. Re-run with smaller config or set ENFORCE_SIZE_LIMIT=0.
root@2e2b6f1392ae:/workspace/parameter-golf# Connection to 100.65.33.140 closed.
